[0.355s] DEBUG:colcon:Command line arguments: ['/usr/bin/colcon', 'build', '--packages-select', 'bme_gazebo_sensors']
[0.355s] DEBUG:colcon:Parsed command line arguments: Namespace(log_base=None, log_level=None, verb_name='build', build_base='build', install_base='install', merge_install=False, symlink_install=False, test_result_base=None, continue_on_error=False, executor='parallel', parallel_workers=16, event_handlers=None, ignore_user_meta=False, metas=['./colcon.meta'], base_paths=['.'], packages_ignore=None, packages_ignore_regex=None, paths=None, packages_up_to=None, packages_up_to_regex=None, packages_above=None, packages_above_and_dependencies=None, packages_above_depth=None, packages_select_by_dep=None, packages_skip_by_dep=None, packages_skip_up_to=None, packages_select_build_failed=False, packages_skip_build_finished=False, packages_select_test_failures=False, packages_skip_test_passed=False, packages_select=['bme_gazebo_sensors'], packages_skip=None, packages_select_regex=None, packages_skip_regex=None, packages_start=None, packages_end=None, allow_overriding=[], cmake_args=None, cmake_target=None, cmake_target_skip_unavailable=False, cmake_clean_cache=False, cmake_clean_first=False, cmake_force_configure=False, ament_cmake_args=None, catkin_cmake_args=None, catkin_skip_building_tests=False, mixin_files=None, mixin=None, verb_parser=<colcon_mixin.mixin.mixin_argument.MixinArgumentDecorator object at 0x759e55d6eaa0>, verb_extension=<colcon_core.verb.build.BuildVerb object at 0x759e55d2c040>, main=<bound method BuildVerb.main of <colcon_core.verb.build.BuildVerb object at 0x759e55d2c040>>, mixin_verb=('build',))
[0.504s] Level 1:colcon.colcon_core.package_discovery:discover_packages(colcon_meta) check parameters
[0.504s] Level 1:colcon.colcon_core.package_discovery:discover_packages(recursive) check parameters
[0.504s] Level 1:colcon.colcon_core.package_discovery:discover_packages(ignore) check parameters
[0.504s] Level 1:colcon.colcon_core.package_discovery:discover_packages(path) check parameters
[0.504s] Level 1:colcon.colcon_core.package_discovery:discover_packages(colcon_meta) discover
[0.504s] Level 1:colcon.colcon_core.package_discovery:discover_packages(recursive) discover
[0.504s] INFO:colcon.colcon_core.package_discovery:Crawling recursively for packages in '/home/snape/rt_2/actions'
[0.504s] Level 1:colcon.colcon_core.package_identification:_identify(.) by extensions ['ignore', 'ignore_ament_install']
[0.504s] Level 1:colcon.colcon_core.package_identification:_identify(.) by extension 'ignore'
[0.504s] Level 1:colcon.colcon_core.package_identification:_identify(.) by extension 'ignore_ament_install'
[0.504s] Level 1:colcon.colcon_core.package_identification:_identify(.) by extensions ['colcon_pkg']
[0.504s] Level 1:colcon.colcon_core.package_identification:_identify(.) by extension 'colcon_pkg'
[0.505s] Level 1:colcon.colcon_core.package_identification:_identify(.) by extensions ['colcon_meta']
[0.505s] Level 1:colcon.colcon_core.package_identification:_identify(.) by extension 'colcon_meta'
[0.505s] Level 1:colcon.colcon_core.package_identification:_identify(.) by extensions ['ros']
[0.505s] Level 1:colcon.colcon_core.package_identification:_identify(.) by extension 'ros'
[0.524s] Level 1:colcon.colcon_core.package_identification:_identify(.) by extensions ['cmake', 'python']
[0.524s] Level 1:colcon.colcon_core.package_identification:_identify(.) by extension 'cmake'
[0.524s] Level 1:colcon.colcon_core.package_identification:_identify(.) by extension 'python'
[0.524s] Level 1:colcon.colcon_core.package_identification:_identify(.) by extensions ['python_setup_py']
[0.524s] Level 1:colcon.colcon_core.package_identification:_identify(.) by extension 'python_setup_py'
[0.524s] Level 1:colcon.colcon_core.package_identification:_identify(bme_gazebo_sensors) by extensions ['ignore', 'ignore_ament_install']
[0.524s] Level 1:colcon.colcon_core.package_identification:_identify(bme_gazebo_sensors) by extension 'ignore'
[0.524s] Level 1:colcon.colcon_core.package_identification:_identify(bme_gazebo_sensors) by extension 'ignore_ament_install'
[0.524s] Level 1:colcon.colcon_core.package_identification:_identify(bme_gazebo_sensors) by extensions ['colcon_pkg']
[0.524s] Level 1:colcon.colcon_core.package_identification:_identify(bme_gazebo_sensors) by extension 'colcon_pkg'
[0.524s] Level 1:colcon.colcon_core.package_identification:_identify(bme_gazebo_sensors) by extensions ['colcon_meta']
[0.524s] Level 1:colcon.colcon_core.package_identification:_identify(bme_gazebo_sensors) by extension 'colcon_meta'
[0.524s] Level 1:colcon.colcon_core.package_identification:_identify(bme_gazebo_sensors) by extensions ['ros']
[0.524s] Level 1:colcon.colcon_core.package_identification:_identify(bme_gazebo_sensors) by extension 'ros'
[0.528s] DEBUG:colcon.colcon_core.package_identification:Package 'bme_gazebo_sensors' with type 'ros.ament_cmake' and name 'bme_gazebo_sensors'
[0.528s] Level 1:colcon.colcon_core.package_identification:_identify(build) by extensions ['ignore', 'ignore_ament_install']
[0.528s] Level 1:colcon.colcon_core.package_identification:_identify(build) by extension 'ignore'
[0.528s] Level 1:colcon.colcon_core.package_identification:_identify(build) ignored
[0.528s] Level 1:colcon.colcon_core.package_identification:_identify(install) by extensions ['ignore', 'ignore_ament_install']
[0.528s] Level 1:colcon.colcon_core.package_identification:_identify(install) by extension 'ignore'
[0.528s] Level 1:colcon.colcon_core.package_identification:_identify(install) ignored
[0.529s] Level 1:colcon.colcon_core.package_identification:_identify(log) by extensions ['ignore', 'ignore_ament_install']
[0.529s] Level 1:colcon.colcon_core.package_identification:_identify(log) by extension 'ignore'
[0.529s] Level 1:colcon.colcon_core.package_identification:_identify(log) ignored
[0.529s] Level 1:colcon.colcon_core.package_discovery:discover_packages(recursive) using defaults
[0.529s] Level 1:colcon.colcon_core.package_discovery:discover_packages(ignore) discover
[0.529s] Level 1:colcon.colcon_core.package_discovery:discover_packages(ignore) using defaults
[0.529s] Level 1:colcon.colcon_core.package_discovery:discover_packages(path) discover
[0.529s] Level 1:colcon.colcon_core.package_discovery:discover_packages(path) using defaults
[0.549s] Level 1:colcon.colcon_core.package_discovery:discover_packages(prefix_path) check parameters
[0.549s] Level 1:colcon.colcon_core.package_discovery:discover_packages(prefix_path) discover
[0.551s] WARNING:colcon.colcon_ros.prefix_path.ament:The path '/home/snape/rt_2/actions/install/bme_gazebo_sensors' in the environment variable AMENT_PREFIX_PATH doesn't exist
[0.551s] WARNING:colcon.colcon_ros.prefix_path.catkin:The path '/home/snape/rt_2/actions/install/bme_gazebo_sensors' in the environment variable CMAKE_PREFIX_PATH doesn't exist
[0.553s] DEBUG:colcon.colcon_installed_package_information.package_discovery:Found 0 installed packages in /home/snape/rt_2/actions/install
[0.555s] DEBUG:colcon.colcon_installed_package_information.package_discovery:Found 287 installed packages in /opt/ros/humble
[0.557s] Level 1:colcon.colcon_core.package_discovery:discover_packages(prefix_path) using defaults
[0.665s] Level 5:colcon.colcon_core.verb:set package 'bme_gazebo_sensors' build argument 'cmake_args' from command line to 'None'
[0.665s] Level 5:colcon.colcon_core.verb:set package 'bme_gazebo_sensors' build argument 'cmake_target' from command line to 'None'
[0.665s] Level 5:colcon.colcon_core.verb:set package 'bme_gazebo_sensors' build argument 'cmake_target_skip_unavailable' from command line to 'False'
[0.665s] Level 5:colcon.colcon_core.verb:set package 'bme_gazebo_sensors' build argument 'cmake_clean_cache' from command line to 'False'
[0.665s] Level 5:colcon.colcon_core.verb:set package 'bme_gazebo_sensors' build argument 'cmake_clean_first' from command line to 'False'
[0.665s] Level 5:colcon.colcon_core.verb:set package 'bme_gazebo_sensors' build argument 'cmake_force_configure' from command line to 'False'
[0.665s] Level 5:colcon.colcon_core.verb:set package 'bme_gazebo_sensors' build argument 'ament_cmake_args' from command line to 'None'
[0.665s] Level 5:colcon.colcon_core.verb:set package 'bme_gazebo_sensors' build argument 'catkin_cmake_args' from command line to 'None'
[0.665s] Level 5:colcon.colcon_core.verb:set package 'bme_gazebo_sensors' build argument 'catkin_skip_building_tests' from command line to 'False'
[0.665s] DEBUG:colcon.colcon_core.verb:Building package 'bme_gazebo_sensors' with the following arguments: {'ament_cmake_args': None, 'build_base': '/home/snape/rt_2/actions/build/bme_gazebo_sensors', 'catkin_cmake_args': None, 'catkin_skip_building_tests': False, 'cmake_args': None, 'cmake_clean_cache': False, 'cmake_clean_first': False, 'cmake_force_configure': False, 'cmake_target': None, 'cmake_target_skip_unavailable': False, 'install_base': '/home/snape/rt_2/actions/install/bme_gazebo_sensors', 'merge_install': False, 'path': '/home/snape/rt_2/actions/bme_gazebo_sensors', 'symlink_install': False, 'test_result_base': None}
[0.665s] INFO:colcon.colcon_core.executor:Executing jobs using 'parallel' executor
[0.666s] DEBUG:colcon.colcon_parallel_executor.executor.parallel:run_until_complete
[0.667s] INFO:colcon.colcon_ros.task.ament_cmake.build:Building ROS package in '/home/snape/rt_2/actions/bme_gazebo_sensors' with build type 'ament_cmake'
[0.667s] INFO:colcon.colcon_cmake.task.cmake.build:Building CMake package in '/home/snape/rt_2/actions/bme_gazebo_sensors'
[0.673s] INFO:colcon.colcon_core.plugin_system:Skipping extension 'colcon_core.shell.bat': Not used on non-Windows systems
[0.673s] INFO:colcon.colcon_core.shell:Skip shell extension 'powershell' for command environment: Not usable outside of PowerShell
[0.673s] DEBUG:colcon.colcon_core.shell:Skip shell extension 'dsv' for command environment
[0.680s] DEBUG:colcon.colcon_core.event_handler.log_command:Invoking command in '/home/snape/rt_2/actions/build/bme_gazebo_sensors': CMAKE_PREFIX_PATH=${CMAKE_PREFIX_PATH}:/opt/ros/humble /usr/bin/cmake /home/snape/rt_2/actions/bme_gazebo_sensors -DCMAKE_INSTALL_PREFIX=/home/snape/rt_2/actions/install/bme_gazebo_sensors
[5.495s] DEBUG:colcon.colcon_core.event_handler.log_command:Invoked command in '/home/snape/rt_2/actions/build/bme_gazebo_sensors' returned '0': CMAKE_PREFIX_PATH=${CMAKE_PREFIX_PATH}:/opt/ros/humble /usr/bin/cmake /home/snape/rt_2/actions/bme_gazebo_sensors -DCMAKE_INSTALL_PREFIX=/home/snape/rt_2/actions/install/bme_gazebo_sensors
[5.497s] DEBUG:colcon.colcon_core.event_handler.log_command:Invoking command in '/home/snape/rt_2/actions/build/bme_gazebo_sensors': CMAKE_PREFIX_PATH=${CMAKE_PREFIX_PATH}:/opt/ros/humble /usr/bin/cmake --build /home/snape/rt_2/actions/build/bme_gazebo_sensors -- -j16 -l16
[6.815s] DEBUG:colcon.colcon_core.event_handler.log_command:Invoked command in '/home/snape/rt_2/actions/build/bme_gazebo_sensors' returned '0': CMAKE_PREFIX_PATH=${CMAKE_PREFIX_PATH}:/opt/ros/humble /usr/bin/cmake --build /home/snape/rt_2/actions/build/bme_gazebo_sensors -- -j16 -l16
[6.822s] DEBUG:colcon.colcon_core.event_handler.log_command:Invoking command in '/home/snape/rt_2/actions/build/bme_gazebo_sensors': CMAKE_PREFIX_PATH=${CMAKE_PREFIX_PATH}:/opt/ros/humble /usr/bin/cmake --install /home/snape/rt_2/actions/build/bme_gazebo_sensors
[6.888s] Level 1:colcon.colcon_core.environment:create_environment_scripts_only(bme_gazebo_sensors)
[6.889s] DEBUG:colcon.colcon_core.event_handler.log_command:Invoked command in '/home/snape/rt_2/actions/build/bme_gazebo_sensors' returned '0': CMAKE_PREFIX_PATH=${CMAKE_PREFIX_PATH}:/opt/ros/humble /usr/bin/cmake --install /home/snape/rt_2/actions/build/bme_gazebo_sensors
[6.897s] Level 1:colcon.colcon_core.environment:checking '/home/snape/rt_2/actions/install/bme_gazebo_sensors' for CMake module files
[6.898s] Level 1:colcon.colcon_core.environment:checking '/home/snape/rt_2/actions/install/bme_gazebo_sensors' for CMake config files
[6.898s] Level 1:colcon.colcon_core.shell:create_environment_hook('bme_gazebo_sensors', 'cmake_prefix_path')
[6.898s] INFO:colcon.colcon_core.shell:Creating environment hook '/home/snape/rt_2/actions/install/bme_gazebo_sensors/share/bme_gazebo_sensors/hook/cmake_prefix_path.ps1'
[6.900s] INFO:colcon.colcon_core.shell:Creating environment descriptor '/home/snape/rt_2/actions/install/bme_gazebo_sensors/share/bme_gazebo_sensors/hook/cmake_prefix_path.dsv'
[6.900s] INFO:colcon.colcon_core.shell:Creating environment hook '/home/snape/rt_2/actions/install/bme_gazebo_sensors/share/bme_gazebo_sensors/hook/cmake_prefix_path.sh'
[6.901s] Level 1:colcon.colcon_core.environment:checking '/home/snape/rt_2/actions/install/bme_gazebo_sensors/lib'
[6.902s] Level 1:colcon.colcon_core.shell:create_environment_hook('bme_gazebo_sensors', 'ld_library_path_lib')
[6.902s] INFO:colcon.colcon_core.shell:Creating environment hook '/home/snape/rt_2/actions/install/bme_gazebo_sensors/share/bme_gazebo_sensors/hook/ld_library_path_lib.ps1'
[6.902s] INFO:colcon.colcon_core.shell:Creating environment descriptor '/home/snape/rt_2/actions/install/bme_gazebo_sensors/share/bme_gazebo_sensors/hook/ld_library_path_lib.dsv'
[6.902s] INFO:colcon.colcon_core.shell:Creating environment hook '/home/snape/rt_2/actions/install/bme_gazebo_sensors/share/bme_gazebo_sensors/hook/ld_library_path_lib.sh'
[6.902s] Level 1:colcon.colcon_core.environment:checking '/home/snape/rt_2/actions/install/bme_gazebo_sensors/bin'
[6.902s] Level 1:colcon.colcon_core.environment:checking '/home/snape/rt_2/actions/install/bme_gazebo_sensors/lib/pkgconfig/bme_gazebo_sensors.pc'
[6.903s] Level 1:colcon.colcon_core.environment:checking '/home/snape/rt_2/actions/install/bme_gazebo_sensors/lib/python3.10/site-packages'
[6.903s] Level 1:colcon.colcon_core.environment:checking '/home/snape/rt_2/actions/install/bme_gazebo_sensors/bin'
[6.903s] INFO:colcon.colcon_core.shell:Creating package script '/home/snape/rt_2/actions/install/bme_gazebo_sensors/share/bme_gazebo_sensors/package.ps1'
[6.904s] INFO:colcon.colcon_core.shell:Creating package descriptor '/home/snape/rt_2/actions/install/bme_gazebo_sensors/share/bme_gazebo_sensors/package.dsv'
[6.905s] INFO:colcon.colcon_core.shell:Creating package script '/home/snape/rt_2/actions/install/bme_gazebo_sensors/share/bme_gazebo_sensors/package.sh'
[6.906s] INFO:colcon.colcon_core.shell:Creating package script '/home/snape/rt_2/actions/install/bme_gazebo_sensors/share/bme_gazebo_sensors/package.bash'
[6.907s] INFO:colcon.colcon_core.shell:Creating package script '/home/snape/rt_2/actions/install/bme_gazebo_sensors/share/bme_gazebo_sensors/package.zsh'
[6.908s] Level 1:colcon.colcon_core.environment:create_file_with_runtime_dependencies(/home/snape/rt_2/actions/install/bme_gazebo_sensors/share/colcon-core/packages/bme_gazebo_sensors)
[6.909s] Level 1:colcon.colcon_core.environment:create_environment_scripts_only(bme_gazebo_sensors)
[6.909s] Level 1:colcon.colcon_core.environment:checking '/home/snape/rt_2/actions/install/bme_gazebo_sensors' for CMake module files
[6.909s] Level 1:colcon.colcon_core.environment:checking '/home/snape/rt_2/actions/install/bme_gazebo_sensors' for CMake config files
[6.909s] Level 1:colcon.colcon_core.shell:create_environment_hook('bme_gazebo_sensors', 'cmake_prefix_path')
[6.909s] INFO:colcon.colcon_core.shell:Creating environment hook '/home/snape/rt_2/actions/install/bme_gazebo_sensors/share/bme_gazebo_sensors/hook/cmake_prefix_path.ps1'
[6.910s] INFO:colcon.colcon_core.shell:Creating environment descriptor '/home/snape/rt_2/actions/install/bme_gazebo_sensors/share/bme_gazebo_sensors/hook/cmake_prefix_path.dsv'
[6.910s] INFO:colcon.colcon_core.shell:Creating environment hook '/home/snape/rt_2/actions/install/bme_gazebo_sensors/share/bme_gazebo_sensors/hook/cmake_prefix_path.sh'
[6.910s] Level 1:colcon.colcon_core.environment:checking '/home/snape/rt_2/actions/install/bme_gazebo_sensors/lib'
[6.910s] Level 1:colcon.colcon_core.shell:create_environment_hook('bme_gazebo_sensors', 'ld_library_path_lib')
[6.910s] INFO:colcon.colcon_core.shell:Creating environment hook '/home/snape/rt_2/actions/install/bme_gazebo_sensors/share/bme_gazebo_sensors/hook/ld_library_path_lib.ps1'
[6.910s] INFO:colcon.colcon_core.shell:Creating environment descriptor '/home/snape/rt_2/actions/install/bme_gazebo_sensors/share/bme_gazebo_sensors/hook/ld_library_path_lib.dsv'
[6.911s] INFO:colcon.colcon_core.shell:Creating environment hook '/home/snape/rt_2/actions/install/bme_gazebo_sensors/share/bme_gazebo_sensors/hook/ld_library_path_lib.sh'
[6.911s] Level 1:colcon.colcon_core.environment:checking '/home/snape/rt_2/actions/install/bme_gazebo_sensors/bin'
[6.911s] Level 1:colcon.colcon_core.environment:checking '/home/snape/rt_2/actions/install/bme_gazebo_sensors/lib/pkgconfig/bme_gazebo_sensors.pc'
[6.911s] Level 1:colcon.colcon_core.environment:checking '/home/snape/rt_2/actions/install/bme_gazebo_sensors/lib/python3.10/site-packages'
[6.911s] Level 1:colcon.colcon_core.environment:checking '/home/snape/rt_2/actions/install/bme_gazebo_sensors/bin'
[6.912s] INFO:colcon.colcon_core.shell:Creating package script '/home/snape/rt_2/actions/install/bme_gazebo_sensors/share/bme_gazebo_sensors/package.ps1'
[6.912s] INFO:colcon.colcon_core.shell:Creating package descriptor '/home/snape/rt_2/actions/install/bme_gazebo_sensors/share/bme_gazebo_sensors/package.dsv'
[6.912s] INFO:colcon.colcon_core.shell:Creating package script '/home/snape/rt_2/actions/install/bme_gazebo_sensors/share/bme_gazebo_sensors/package.sh'
[6.912s] INFO:colcon.colcon_core.shell:Creating package script '/home/snape/rt_2/actions/install/bme_gazebo_sensors/share/bme_gazebo_sensors/package.bash'
[6.913s] INFO:colcon.colcon_core.shell:Creating package script '/home/snape/rt_2/actions/install/bme_gazebo_sensors/share/bme_gazebo_sensors/package.zsh'
[6.913s] Level 1:colcon.colcon_core.environment:create_file_with_runtime_dependencies(/home/snape/rt_2/actions/install/bme_gazebo_sensors/share/colcon-core/packages/bme_gazebo_sensors)
[6.913s] DEBUG:colcon.colcon_parallel_executor.executor.parallel:closing loop
[6.913s] DEBUG:colcon.colcon_parallel_executor.executor.parallel:loop closed
[6.913s] DEBUG:colcon.colcon_parallel_executor.executor.parallel:run_until_complete finished with '0'
[6.913s] DEBUG:colcon.colcon_core.event_reactor:joining thread
[6.967s] INFO:colcon.colcon_core.plugin_system:Skipping extension 'colcon_notification.desktop_notification.notify_send': Could not find 'notify-send'
[6.967s] INFO:colcon.colcon_core.plugin_system:Skipping extension 'colcon_notification.desktop_notification.terminal_notifier': Not used on non-Darwin systems
[6.968s] INFO:colcon.colcon_core.plugin_system:Skipping extension 'colcon_notification.desktop_notification.win32': Not used on non-Windows systems
[6.968s] INFO:colcon.colcon_notification.desktop_notification:Sending desktop notification using 'notify2'
[6.970s] DEBUG:colcon.colcon_notification.desktop_notification.notify2:Failed to initialize notify2: org.freedesktop.DBus.Error.ServiceUnknown: The name org.freedesktop.Notifications was not provided by any .service files
[6.970s] DEBUG:colcon.colcon_core.event_reactor:joined thread
[6.970s] INFO:colcon.colcon_core.shell:Creating prefix script '/home/snape/rt_2/actions/install/local_setup.ps1'
[6.972s] INFO:colcon.colcon_core.shell:Creating prefix util module '/home/snape/rt_2/actions/install/_local_setup_util_ps1.py'
[6.973s] INFO:colcon.colcon_core.shell:Creating prefix chain script '/home/snape/rt_2/actions/install/setup.ps1'
[6.974s] INFO:colcon.colcon_core.shell:Creating prefix script '/home/snape/rt_2/actions/install/local_setup.sh'
[6.975s] INFO:colcon.colcon_core.shell:Creating prefix util module '/home/snape/rt_2/actions/install/_local_setup_util_sh.py'
[6.976s] INFO:colcon.colcon_core.shell:Creating prefix chain script '/home/snape/rt_2/actions/install/setup.sh'
[6.977s] INFO:colcon.colcon_core.shell:Creating prefix script '/home/snape/rt_2/actions/install/local_setup.bash'
[6.978s] INFO:colcon.colcon_core.shell:Creating prefix chain script '/home/snape/rt_2/actions/install/setup.bash'
[6.979s] INFO:colcon.colcon_core.shell:Creating prefix script '/home/snape/rt_2/actions/install/local_setup.zsh'
[6.980s] INFO:colcon.colcon_core.shell:Creating prefix chain script '/home/snape/rt_2/actions/install/setup.zsh'
