[0.013s] Invoking command in '/home/snape/rt_2/actions/build/bme_gazebo_sensors': CMAKE_PREFIX_PATH=${CMAKE_PREFIX_PATH}:/opt/ros/humble /usr/bin/cmake /home/snape/rt_2/actions/bme_gazebo_sensors -DCMAKE_INSTALL_PREFIX=/home/snape/rt_2/actions/install/bme_gazebo_sensors
[0.328s] -- The C compiler identification is GNU 11.4.0
[1.234s] -- The CXX compiler identification is GNU 11.4.0
[1.838s] -- Detecting C compiler ABI info
[2.047s] -- Detecting C compiler ABI info - done
[2.051s] -- Check for working C compiler: /usr/bin/cc - skipped
[2.052s] -- Detecting C compile features
[2.053s] -- Detecting C compile features - done
[2.056s] -- Detecting CXX compiler ABI info
[2.241s] -- Detecting CXX compiler ABI info - done
[2.245s] -- Check for working CXX compiler: /usr/bin/c++ - skipped
[2.246s] -- Detecting CXX compile features
[2.246s] -- Detecting CXX compile features - done
[2.269s] -- Found ament_cmake: 1.3.13 (/opt/ros/humble/share/ament_cmake/cmake)
[2.383s] -- Found Python3: /usr/bin/python3 (found version "3.10.12") found components: Interpreter 
[2.490s] -- Found rosidl_default_generators: 1.2.0 (/opt/ros/humble/share/rosidl_default_generators/cmake)
[2.498s] -- Using all available rosidl_typesupport_c: rosidl_typesupport_fastrtps_c;rosidl_typesupport_introspection_c
[2.509s] -- Found rosidl_adapter: 3.1.8 (/opt/ros/humble/share/rosidl_adapter/cmake)
[2.889s] -- Using all available rosidl_typesupport_cpp: rosidl_typesupport_fastrtps_cpp;rosidl_typesupport_introspection_cpp
[2.943s] -- Found action_msgs: 1.2.2 (/opt/ros/humble/share/action_msgs/cmake)
[3.010s] -- Found geometry_msgs: 4.9.1 (/opt/ros/humble/share/geometry_msgs/cmake)
[3.056s] -- Found nav_msgs: 4.9.1 (/opt/ros/humble/share/nav_msgs/cmake)
[3.263s] -- Found ament_cmake_ros: 0.10.0 (/opt/ros/humble/share/ament_cmake_ros/cmake)
[3.399s] -- Using all available rosidl_typesupport_c: rosidl_typesupport_fastrtps_c;rosidl_typesupport_introspection_c
[3.560s] -- Using all available rosidl_typesupport_cpp: rosidl_typesupport_fastrtps_cpp;rosidl_typesupport_introspection_cpp
[3.786s] -- Found PythonInterp: /usr/bin/python3 (found suitable version "3.10.12", minimum required is "3.6") 
[3.791s] -- Found python_cmake_module: 0.10.0 (/opt/ros/humble/share/python_cmake_module/cmake)
[4.599s] -- Found PythonLibs: /usr/lib/x86_64-linux-gnu/libpython3.10.so (found suitable version "3.10.12", minimum required is "3.5") 
[4.599s] -- Using PYTHON_EXECUTABLE: /usr/bin/python3
[4.599s] -- Using PYTHON_INCLUDE_DIRS: /usr/include/python3.10
[4.599s] -- Using PYTHON_LIBRARIES: /usr/lib/x86_64-linux-gnu/libpython3.10.so
[4.617s] -- Found PythonExtra: .so  
[4.724s] -- Found ament_lint_auto: 0.12.15 (/opt/ros/humble/share/ament_lint_auto/cmake)
[4.774s] -- Added test 'flake8' to check Python code syntax and style conventions
[4.775s] -- Added test 'lint_cmake' to check CMake code style
[4.776s] -- Added test 'pep257' to check Python code against some of the docstring style conventions in PEP 257
[4.780s] -- Added test 'xmllint' to check XML markup files
[4.783s] -- Configuring done
[4.813s] -- Generating done
[4.821s] -- Build files have been written to: /home/snape/rt_2/actions/build/bme_gazebo_sensors
[4.828s] Invoked command in '/home/snape/rt_2/actions/build/bme_gazebo_sensors' returned '0': CMAKE_PREFIX_PATH=${CMAKE_PREFIX_PATH}:/opt/ros/humble /usr/bin/cmake /home/snape/rt_2/actions/bme_gazebo_sensors -DCMAKE_INSTALL_PREFIX=/home/snape/rt_2/actions/install/bme_gazebo_sensors
[4.830s] Invoking command in '/home/snape/rt_2/actions/build/bme_gazebo_sensors': CMAKE_PREFIX_PATH=${CMAKE_PREFIX_PATH}:/opt/ros/humble /usr/bin/cmake --build /home/snape/rt_2/actions/build/bme_gazebo_sensors -- -j16 -l16
[4.857s] [  3%] [34m[1mGenerating C code for ROS interfaces[0m
[4.864s] [  6%] [34m[1mGenerating C++ code for ROS interfaces[0m
[4.870s] [  6%] Built target ament_cmake_python_copy_bme_gazebo_sensors
[5.076s] running egg_info
[5.076s] creating bme_gazebo_sensors.egg-info
[5.076s] writing bme_gazebo_sensors.egg-info/PKG-INFO
[5.077s] writing dependency_links to bme_gazebo_sensors.egg-info/dependency_links.txt
[5.077s] writing top-level names to bme_gazebo_sensors.egg-info/top_level.txt
[5.077s] writing manifest file 'bme_gazebo_sensors.egg-info/SOURCES.txt'
[5.079s] reading manifest file 'bme_gazebo_sensors.egg-info/SOURCES.txt'
[5.079s] writing manifest file 'bme_gazebo_sensors.egg-info/SOURCES.txt'
[5.097s] [  6%] Built target ament_cmake_python_build_bme_gazebo_sensors_egg
[5.199s] [  6%] Built target bme_gazebo_sensors__cpp
[5.206s] [ 12%] [32mBuilding C object CMakeFiles/bme_gazebo_sensors__rosidl_generator_c.dir/rosidl_generator_c/bme_gazebo_sensors/action/detail/move_action__functions.c.o[0m
[5.207s] [ 12%] [34m[1mGenerating C++ type support dispatch for ROS interfaces[0m
[5.207s] [ 16%] [34m[1mGenerating C++ type support for eProsima Fast-RTPS[0m
[5.207s] [ 19%] [34m[1mGenerating C++ introspection for ROS interfaces[0m
[5.341s] [ 22%] [32m[1mLinking C shared library libbme_gazebo_sensors__rosidl_generator_c.so[0m
[5.441s] [ 25%] [32mBuilding CXX object CMakeFiles/bme_gazebo_sensors__rosidl_typesupport_cpp.dir/rosidl_typesupport_cpp/bme_gazebo_sensors/action/move_action__type_support.cpp.o[0m
[5.490s] [ 25%] Built target bme_gazebo_sensors__rosidl_generator_c
[5.491s] [ 29%] [32mBuilding CXX object CMakeFiles/bme_gazebo_sensors__rosidl_typesupport_introspection_cpp.dir/rosidl_typesupport_introspection_cpp/bme_gazebo_sensors/action/detail/move_action__type_support.cpp.o[0m
[5.498s] [ 32%] [34m[1mGenerating C type support for eProsima Fast-RTPS[0m
[5.499s] [ 35%] [34m[1mGenerating C type support dispatch for ROS interfaces[0m
[5.501s] [ 38%] [34m[1mGenerating C introspection for ROS interfaces[0m
[5.534s] [ 41%] [32mBuilding CXX object CMakeFiles/bme_gazebo_sensors__rosidl_typesupport_fastrtps_cpp.dir/rosidl_typesupport_fastrtps_cpp/bme_gazebo_sensors/action/detail/dds_fastrtps/move_action__type_support.cpp.o[0m
[5.736s] [ 45%] [32mBuilding CXX object CMakeFiles/bme_gazebo_sensors__rosidl_typesupport_c.dir/rosidl_typesupport_c/bme_gazebo_sensors/action/move_action__type_support.cpp.o[0m
[5.785s] [ 48%] [32m[1mLinking CXX shared library libbme_gazebo_sensors__rosidl_typesupport_c.so[0m
[5.807s] [ 51%] [32mBuilding C object CMakeFiles/bme_gazebo_sensors__rosidl_typesupport_introspection_c.dir/rosidl_typesupport_introspection_c/bme_gazebo_sensors/action/detail/move_action__type_support.c.o[0m
[5.837s] [ 54%] [32mBuilding CXX object CMakeFiles/bme_gazebo_sensors__rosidl_typesupport_fastrtps_c.dir/rosidl_typesupport_fastrtps_c/bme_gazebo_sensors/action/detail/move_action__type_support_c.cpp.o[0m
[5.857s] [ 58%] [32m[1mLinking C shared library libbme_gazebo_sensors__rosidl_typesupport_introspection_c.so[0m
[5.928s] [ 58%] Built target bme_gazebo_sensors__rosidl_typesupport_c
[5.948s] [ 61%] [32m[1mLinking CXX shared library libbme_gazebo_sensors__rosidl_typesupport_cpp.so[0m
[5.980s] [ 61%] Built target bme_gazebo_sensors__rosidl_typesupport_introspection_c
[6.037s] [ 64%] [32m[1mLinking CXX shared library libbme_gazebo_sensors__rosidl_typesupport_introspection_cpp.so[0m
[6.039s] [ 67%] [32m[1mLinking CXX shared library libbme_gazebo_sensors__rosidl_typesupport_fastrtps_cpp.so[0m
[6.070s] [ 67%] Built target bme_gazebo_sensors__rosidl_typesupport_cpp
[6.151s] [ 67%] Built target bme_gazebo_sensors__rosidl_typesupport_introspection_cpp
[6.154s] [ 67%] Built target bme_gazebo_sensors__rosidl_typesupport_fastrtps_cpp
[6.159s] [ 70%] [32m[1mLinking CXX shared library libbme_gazebo_sensors__rosidl_typesupport_fastrtps_c.so[0m
[6.326s] [ 70%] Built target bme_gazebo_sensors__rosidl_typesupport_fastrtps_c
[6.340s] [ 70%] Built target bme_gazebo_sensors
[6.353s] [ 74%] [34m[1mGenerating Python code for ROS interfaces[0m
[6.880s] [ 74%] Built target bme_gazebo_sensors__py
[6.889s] gmake[2]: Warning: File 'libbme_gazebo_sensors__rosidl_typesupport_c.so' has modification time 0.33 s in the future
[6.893s] [ 77%] [32mBuilding C object CMakeFiles/bme_gazebo_sensors__rosidl_generator_py.dir/rosidl_generator_py/bme_gazebo_sensors/action/_move_action_s.c.o[0m
[7.081s] [ 80%] [32m[1mLinking C shared library rosidl_generator_py/bme_gazebo_sensors/libbme_gazebo_sensors__rosidl_generator_py.so[0m
[7.253s] gmake[2]: warning:  Clock skew detected.  Your build may be incomplete.
[7.259s] [ 80%] Built target bme_gazebo_sensors__rosidl_generator_py
[7.269s] gmake[2]: Warning: File 'libbme_gazebo_sensors__rosidl_typesupport_fastrtps_c.so' has modification time 0.35 s in the future
[7.269s] gmake[2]: Warning: File 'libbme_gazebo_sensors__rosidl_typesupport_introspection_c.so' has modification time 0.0077 s in the future
[7.274s] [ 83%] [32mBuilding C object CMakeFiles/bme_gazebo_sensors__rosidl_typesupport_fastrtps_c__pyext.dir/rosidl_generator_py/bme_gazebo_sensors/_bme_gazebo_sensors_s.ep.rosidl_typesupport_fastrtps_c.c.o[0m
[7.274s] [ 87%] [32mBuilding C object CMakeFiles/bme_gazebo_sensors__rosidl_typesupport_introspection_c__pyext.dir/rosidl_generator_py/bme_gazebo_sensors/_bme_gazebo_sensors_s.ep.rosidl_typesupport_introspection_c.c.o[0m
[7.274s] [ 90%] [32mBuilding C object CMakeFiles/bme_gazebo_sensors__rosidl_typesupport_c__pyext.dir/rosidl_generator_py/bme_gazebo_sensors/_bme_gazebo_sensors_s.ep.rosidl_typesupport_c.c.o[0m
[7.355s] [100%] [32m[1mLinking C shared library rosidl_generator_py/bme_gazebo_sensors/bme_gazebo_sensors_s__rosidl_typesupport_introspection_c.cpython-310-x86_64-linux-gnu.so[0m
[7.355s] [100%] [32m[1mLinking C shared library rosidl_generator_py/bme_gazebo_sensors/bme_gazebo_sensors_s__rosidl_typesupport_fastrtps_c.cpython-310-x86_64-linux-gnu.so[0m
[7.355s] [100%] [32m[1mLinking C shared library rosidl_generator_py/bme_gazebo_sensors/bme_gazebo_sensors_s__rosidl_typesupport_c.cpython-310-x86_64-linux-gnu.so[0m
[7.443s] gmake[2]: warning:  Clock skew detected.  Your build may be incomplete.
[7.443s] gmake[2]: warning:  Clock skew detected.  Your build may be incomplete.
[7.449s] [100%] Built target bme_gazebo_sensors__rosidl_typesupport_introspection_c__pyext
[7.449s] [100%] Built target bme_gazebo_sensors__rosidl_typesupport_fastrtps_c__pyext
[7.449s] [100%] Built target bme_gazebo_sensors__rosidl_typesupport_c__pyext
[7.457s] Invoked command in '/home/snape/rt_2/actions/build/bme_gazebo_sensors' returned '0': CMAKE_PREFIX_PATH=${CMAKE_PREFIX_PATH}:/opt/ros/humble /usr/bin/cmake --build /home/snape/rt_2/actions/build/bme_gazebo_sensors -- -j16 -l16
[7.464s] Invoking command in '/home/snape/rt_2/actions/build/bme_gazebo_sensors': CMAKE_PREFIX_PATH=${CMAKE_PREFIX_PATH}:/opt/ros/humble /usr/bin/cmake --install /home/snape/rt_2/actions/build/bme_gazebo_sensors
[7.469s] -- Install configuration: ""
[7.470s] -- Installing: /home/snape/rt_2/actions/install/bme_gazebo_sensors/share/ament_index/resource_index/rosidl_interfaces/bme_gazebo_sensors
[7.470s] -- Installing: /home/snape/rt_2/actions/install/bme_gazebo_sensors/include/bme_gazebo_sensors/bme_gazebo_sensors
[7.470s] -- Installing: /home/snape/rt_2/actions/install/bme_gazebo_sensors/include/bme_gazebo_sensors/bme_gazebo_sensors/msg
[7.470s] -- Installing: /home/snape/rt_2/actions/install/bme_gazebo_sensors/include/bme_gazebo_sensors/bme_gazebo_sensors/msg/rosidl_generator_c__visibility_control.h
[7.471s] -- Installing: /home/snape/rt_2/actions/install/bme_gazebo_sensors/include/bme_gazebo_sensors/bme_gazebo_sensors/action
[7.471s] -- Installing: /home/snape/rt_2/actions/install/bme_gazebo_sensors/include/bme_gazebo_sensors/bme_gazebo_sensors/action/move_action.h
[7.471s] -- Installing: /home/snape/rt_2/actions/install/bme_gazebo_sensors/include/bme_gazebo_sensors/bme_gazebo_sensors/action/detail
[7.471s] -- Installing: /home/snape/rt_2/actions/install/bme_gazebo_sensors/include/bme_gazebo_sensors/bme_gazebo_sensors/action/detail/move_action__functions.c
[7.471s] -- Installing: /home/snape/rt_2/actions/install/bme_gazebo_sensors/include/bme_gazebo_sensors/bme_gazebo_sensors/action/detail/move_action__functions.h
[7.471s] -- Installing: /home/snape/rt_2/actions/install/bme_gazebo_sensors/include/bme_gazebo_sensors/bme_gazebo_sensors/action/detail/move_action__type_support.h
[7.471s] -- Installing: /home/snape/rt_2/actions/install/bme_gazebo_sensors/include/bme_gazebo_sensors/bme_gazebo_sensors/action/detail/move_action__struct.h
[7.472s] -- Installing: /home/snape/rt_2/actions/install/bme_gazebo_sensors/share/bme_gazebo_sensors/environment/library_path.sh
[7.472s] -- Installing: /home/snape/rt_2/actions/install/bme_gazebo_sensors/share/bme_gazebo_sensors/environment/library_path.dsv
[7.472s] -- Installing: /home/snape/rt_2/actions/install/bme_gazebo_sensors/lib/libbme_gazebo_sensors__rosidl_generator_c.so
[7.472s] -- Set runtime path of "/home/snape/rt_2/actions/install/bme_gazebo_sensors/lib/libbme_gazebo_sensors__rosidl_generator_c.so" to ""
[7.472s] -- Up-to-date: /home/snape/rt_2/actions/install/bme_gazebo_sensors/include/bme_gazebo_sensors/bme_gazebo_sensors
[7.472s] -- Up-to-date: /home/snape/rt_2/actions/install/bme_gazebo_sensors/include/bme_gazebo_sensors/bme_gazebo_sensors/msg
[7.473s] -- Installing: /home/snape/rt_2/actions/install/bme_gazebo_sensors/include/bme_gazebo_sensors/bme_gazebo_sensors/msg/rosidl_typesupport_fastrtps_c__visibility_control.h
[7.473s] -- Up-to-date: /home/snape/rt_2/actions/install/bme_gazebo_sensors/include/bme_gazebo_sensors/bme_gazebo_sensors/action
[7.473s] -- Up-to-date: /home/snape/rt_2/actions/install/bme_gazebo_sensors/include/bme_gazebo_sensors/bme_gazebo_sensors/action/detail
[7.473s] -- Installing: /home/snape/rt_2/actions/install/bme_gazebo_sensors/include/bme_gazebo_sensors/bme_gazebo_sensors/action/detail/move_action__rosidl_typesupport_fastrtps_c.h
[7.473s] -- Installing: /home/snape/rt_2/actions/install/bme_gazebo_sensors/lib/libbme_gazebo_sensors__rosidl_typesupport_fastrtps_c.so
[7.473s] -- Set runtime path of "/home/snape/rt_2/actions/install/bme_gazebo_sensors/lib/libbme_gazebo_sensors__rosidl_typesupport_fastrtps_c.so" to ""
[7.473s] -- Up-to-date: /home/snape/rt_2/actions/install/bme_gazebo_sensors/include/bme_gazebo_sensors/bme_gazebo_sensors
[7.473s] -- Up-to-date: /home/snape/rt_2/actions/install/bme_gazebo_sensors/include/bme_gazebo_sensors/bme_gazebo_sensors/msg
[7.473s] -- Installing: /home/snape/rt_2/actions/install/bme_gazebo_sensors/include/bme_gazebo_sensors/bme_gazebo_sensors/msg/rosidl_typesupport_introspection_c__visibility_control.h
[7.474s] -- Up-to-date: /home/snape/rt_2/actions/install/bme_gazebo_sensors/include/bme_gazebo_sensors/bme_gazebo_sensors/action
[7.474s] -- Up-to-date: /home/snape/rt_2/actions/install/bme_gazebo_sensors/include/bme_gazebo_sensors/bme_gazebo_sensors/action/detail
[7.474s] -- Installing: /home/snape/rt_2/actions/install/bme_gazebo_sensors/include/bme_gazebo_sensors/bme_gazebo_sensors/action/detail/move_action__rosidl_typesupport_introspection_c.h
[7.474s] -- Installing: /home/snape/rt_2/actions/install/bme_gazebo_sensors/include/bme_gazebo_sensors/bme_gazebo_sensors/action/detail/move_action__type_support.c
[7.474s] -- Installing: /home/snape/rt_2/actions/install/bme_gazebo_sensors/lib/libbme_gazebo_sensors__rosidl_typesupport_introspection_c.so
[7.474s] -- Set runtime path of "/home/snape/rt_2/actions/install/bme_gazebo_sensors/lib/libbme_gazebo_sensors__rosidl_typesupport_introspection_c.so" to ""
[7.474s] -- Installing: /home/snape/rt_2/actions/install/bme_gazebo_sensors/lib/libbme_gazebo_sensors__rosidl_typesupport_c.so
[7.474s] -- Set runtime path of "/home/snape/rt_2/actions/install/bme_gazebo_sensors/lib/libbme_gazebo_sensors__rosidl_typesupport_c.so" to ""
[7.474s] -- Up-to-date: /home/snape/rt_2/actions/install/bme_gazebo_sensors/include/bme_gazebo_sensors/bme_gazebo_sensors
[7.474s] -- Up-to-date: /home/snape/rt_2/actions/install/bme_gazebo_sensors/include/bme_gazebo_sensors/bme_gazebo_sensors/msg
[7.474s] -- Installing: /home/snape/rt_2/actions/install/bme_gazebo_sensors/include/bme_gazebo_sensors/bme_gazebo_sensors/msg/rosidl_generator_cpp__visibility_control.hpp
[7.475s] -- Up-to-date: /home/snape/rt_2/actions/install/bme_gazebo_sensors/include/bme_gazebo_sensors/bme_gazebo_sensors/action
[7.475s] -- Installing: /home/snape/rt_2/actions/install/bme_gazebo_sensors/include/bme_gazebo_sensors/bme_gazebo_sensors/action/move_action.hpp
[7.475s] -- Up-to-date: /home/snape/rt_2/actions/install/bme_gazebo_sensors/include/bme_gazebo_sensors/bme_gazebo_sensors/action/detail
[7.475s] -- Installing: /home/snape/rt_2/actions/install/bme_gazebo_sensors/include/bme_gazebo_sensors/bme_gazebo_sensors/action/detail/move_action__struct.hpp
[7.475s] -- Installing: /home/snape/rt_2/actions/install/bme_gazebo_sensors/include/bme_gazebo_sensors/bme_gazebo_sensors/action/detail/move_action__builder.hpp
[7.475s] -- Installing: /home/snape/rt_2/actions/install/bme_gazebo_sensors/include/bme_gazebo_sensors/bme_gazebo_sensors/action/detail/move_action__type_support.hpp
[7.475s] -- Installing: /home/snape/rt_2/actions/install/bme_gazebo_sensors/include/bme_gazebo_sensors/bme_gazebo_sensors/action/detail/move_action__traits.hpp
[7.475s] -- Up-to-date: /home/snape/rt_2/actions/install/bme_gazebo_sensors/include/bme_gazebo_sensors/bme_gazebo_sensors
[7.475s] -- Up-to-date: /home/snape/rt_2/actions/install/bme_gazebo_sensors/include/bme_gazebo_sensors/bme_gazebo_sensors/msg
[7.475s] -- Installing: /home/snape/rt_2/actions/install/bme_gazebo_sensors/include/bme_gazebo_sensors/bme_gazebo_sensors/msg/rosidl_typesupport_fastrtps_cpp__visibility_control.h
[7.475s] -- Up-to-date: /home/snape/rt_2/actions/install/bme_gazebo_sensors/include/bme_gazebo_sensors/bme_gazebo_sensors/action
[7.475s] -- Up-to-date: /home/snape/rt_2/actions/install/bme_gazebo_sensors/include/bme_gazebo_sensors/bme_gazebo_sensors/action/detail
[7.475s] -- Installing: /home/snape/rt_2/actions/install/bme_gazebo_sensors/include/bme_gazebo_sensors/bme_gazebo_sensors/action/detail/dds_fastrtps
[7.476s] -- Installing: /home/snape/rt_2/actions/install/bme_gazebo_sensors/include/bme_gazebo_sensors/bme_gazebo_sensors/action/detail/move_action__rosidl_typesupport_fastrtps_cpp.hpp
[7.476s] -- Installing: /home/snape/rt_2/actions/install/bme_gazebo_sensors/lib/libbme_gazebo_sensors__rosidl_typesupport_fastrtps_cpp.so
[7.476s] -- Set runtime path of "/home/snape/rt_2/actions/install/bme_gazebo_sensors/lib/libbme_gazebo_sensors__rosidl_typesupport_fastrtps_cpp.so" to ""
[7.476s] -- Up-to-date: /home/snape/rt_2/actions/install/bme_gazebo_sensors/include/bme_gazebo_sensors/bme_gazebo_sensors
[7.476s] -- Up-to-date: /home/snape/rt_2/actions/install/bme_gazebo_sensors/include/bme_gazebo_sensors/bme_gazebo_sensors/action
[7.476s] -- Up-to-date: /home/snape/rt_2/actions/install/bme_gazebo_sensors/include/bme_gazebo_sensors/bme_gazebo_sensors/action/detail
[7.476s] -- Installing: /home/snape/rt_2/actions/install/bme_gazebo_sensors/include/bme_gazebo_sensors/bme_gazebo_sensors/action/detail/move_action__type_support.cpp
[7.476s] -- Installing: /home/snape/rt_2/actions/install/bme_gazebo_sensors/include/bme_gazebo_sensors/bme_gazebo_sensors/action/detail/move_action__rosidl_typesupport_introspection_cpp.hpp
[7.476s] -- Installing: /home/snape/rt_2/actions/install/bme_gazebo_sensors/lib/libbme_gazebo_sensors__rosidl_typesupport_introspection_cpp.so
[7.476s] -- Set runtime path of "/home/snape/rt_2/actions/install/bme_gazebo_sensors/lib/libbme_gazebo_sensors__rosidl_typesupport_introspection_cpp.so" to ""
[7.476s] -- Installing: /home/snape/rt_2/actions/install/bme_gazebo_sensors/lib/libbme_gazebo_sensors__rosidl_typesupport_cpp.so
[7.476s] -- Set runtime path of "/home/snape/rt_2/actions/install/bme_gazebo_sensors/lib/libbme_gazebo_sensors__rosidl_typesupport_cpp.so" to ""
[7.476s] -- Installing: /home/snape/rt_2/actions/install/bme_gazebo_sensors/share/bme_gazebo_sensors/environment/pythonpath.sh
[7.476s] -- Installing: /home/snape/rt_2/actions/install/bme_gazebo_sensors/share/bme_gazebo_sensors/environment/pythonpath.dsv
[7.476s] -- Installing: /home/snape/rt_2/actions/install/bme_gazebo_sensors/local/lib/python3.10/dist-packages/bme_gazebo_sensors-1.0.0-py3.10.egg-info
[7.477s] -- Installing: /home/snape/rt_2/actions/install/bme_gazebo_sensors/local/lib/python3.10/dist-packages/bme_gazebo_sensors-1.0.0-py3.10.egg-info/top_level.txt
[7.477s] -- Installing: /home/snape/rt_2/actions/install/bme_gazebo_sensors/local/lib/python3.10/dist-packages/bme_gazebo_sensors-1.0.0-py3.10.egg-info/SOURCES.txt
[7.477s] -- Installing: /home/snape/rt_2/actions/install/bme_gazebo_sensors/local/lib/python3.10/dist-packages/bme_gazebo_sensors-1.0.0-py3.10.egg-info/PKG-INFO
[7.477s] -- Installing: /home/snape/rt_2/actions/install/bme_gazebo_sensors/local/lib/python3.10/dist-packages/bme_gazebo_sensors-1.0.0-py3.10.egg-info/dependency_links.txt
[7.478s] -- Installing: /home/snape/rt_2/actions/install/bme_gazebo_sensors/local/lib/python3.10/dist-packages/bme_gazebo_sensors
[7.478s] -- Installing: /home/snape/rt_2/actions/install/bme_gazebo_sensors/local/lib/python3.10/dist-packages/bme_gazebo_sensors/bme_gazebo_sensors_s__rosidl_typesupport_c.cpython-310-x86_64-linux-gnu.so
[7.478s] -- Installing: /home/snape/rt_2/actions/install/bme_gazebo_sensors/local/lib/python3.10/dist-packages/bme_gazebo_sensors/bme_gazebo_sensors_s__rosidl_typesupport_introspection_c.cpython-310-x86_64-linux-gnu.so
[7.478s] -- Installing: /home/snape/rt_2/actions/install/bme_gazebo_sensors/local/lib/python3.10/dist-packages/bme_gazebo_sensors/bme_gazebo_sensors_s__rosidl_typesupport_fastrtps_c.cpython-310-x86_64-linux-gnu.so
[7.478s] -- Installing: /home/snape/rt_2/actions/install/bme_gazebo_sensors/local/lib/python3.10/dist-packages/bme_gazebo_sensors/__init__.py
[7.478s] -- Installing: /home/snape/rt_2/actions/install/bme_gazebo_sensors/local/lib/python3.10/dist-packages/bme_gazebo_sensors/_bme_gazebo_sensors_s.ep.rosidl_typesupport_c.c
[7.478s] -- Installing: /home/snape/rt_2/actions/install/bme_gazebo_sensors/local/lib/python3.10/dist-packages/bme_gazebo_sensors/_bme_gazebo_sensors_s.ep.rosidl_typesupport_fastrtps_c.c
[7.478s] -- Installing: /home/snape/rt_2/actions/install/bme_gazebo_sensors/local/lib/python3.10/dist-packages/bme_gazebo_sensors/action
[7.478s] -- Installing: /home/snape/rt_2/actions/install/bme_gazebo_sensors/local/lib/python3.10/dist-packages/bme_gazebo_sensors/action/_move_action_s.c
[7.478s] -- Installing: /home/snape/rt_2/actions/install/bme_gazebo_sensors/local/lib/python3.10/dist-packages/bme_gazebo_sensors/action/__init__.py
[7.478s] -- Installing: /home/snape/rt_2/actions/install/bme_gazebo_sensors/local/lib/python3.10/dist-packages/bme_gazebo_sensors/action/_move_action.py
[7.479s] -- Installing: /home/snape/rt_2/actions/install/bme_gazebo_sensors/local/lib/python3.10/dist-packages/bme_gazebo_sensors/libbme_gazebo_sensors__rosidl_generator_py.so
[7.479s] -- Installing: /home/snape/rt_2/actions/install/bme_gazebo_sensors/local/lib/python3.10/dist-packages/bme_gazebo_sensors/_bme_gazebo_sensors_s.ep.rosidl_typesupport_introspection_c.c
[7.507s] Listing '/home/snape/rt_2/actions/install/bme_gazebo_sensors/local/lib/python3.10/dist-packages/bme_gazebo_sensors'...
[7.507s] Compiling '/home/snape/rt_2/actions/install/bme_gazebo_sensors/local/lib/python3.10/dist-packages/bme_gazebo_sensors/__init__.py'...
[7.507s] Listing '/home/snape/rt_2/actions/install/bme_gazebo_sensors/local/lib/python3.10/dist-packages/bme_gazebo_sensors/action'...
[7.507s] Compiling '/home/snape/rt_2/actions/install/bme_gazebo_sensors/local/lib/python3.10/dist-packages/bme_gazebo_sensors/action/__init__.py'...
[7.507s] Compiling '/home/snape/rt_2/actions/install/bme_gazebo_sensors/local/lib/python3.10/dist-packages/bme_gazebo_sensors/action/_move_action.py'...
[7.510s] -- Installing: /home/snape/rt_2/actions/install/bme_gazebo_sensors/local/lib/python3.10/dist-packages/bme_gazebo_sensors/bme_gazebo_sensors_s__rosidl_typesupport_fastrtps_c.cpython-310-x86_64-linux-gnu.so
[7.510s] -- Set runtime path of "/home/snape/rt_2/actions/install/bme_gazebo_sensors/local/lib/python3.10/dist-packages/bme_gazebo_sensors/bme_gazebo_sensors_s__rosidl_typesupport_fastrtps_c.cpython-310-x86_64-linux-gnu.so" to ""
[7.510s] -- Installing: /home/snape/rt_2/actions/install/bme_gazebo_sensors/local/lib/python3.10/dist-packages/bme_gazebo_sensors/bme_gazebo_sensors_s__rosidl_typesupport_introspection_c.cpython-310-x86_64-linux-gnu.so
[7.511s] -- Set runtime path of "/home/snape/rt_2/actions/install/bme_gazebo_sensors/local/lib/python3.10/dist-packages/bme_gazebo_sensors/bme_gazebo_sensors_s__rosidl_typesupport_introspection_c.cpython-310-x86_64-linux-gnu.so" to ""
[7.511s] -- Installing: /home/snape/rt_2/actions/install/bme_gazebo_sensors/local/lib/python3.10/dist-packages/bme_gazebo_sensors/bme_gazebo_sensors_s__rosidl_typesupport_c.cpython-310-x86_64-linux-gnu.so
[7.511s] -- Set runtime path of "/home/snape/rt_2/actions/install/bme_gazebo_sensors/local/lib/python3.10/dist-packages/bme_gazebo_sensors/bme_gazebo_sensors_s__rosidl_typesupport_c.cpython-310-x86_64-linux-gnu.so" to ""
[7.511s] -- Installing: /home/snape/rt_2/actions/install/bme_gazebo_sensors/lib/libbme_gazebo_sensors__rosidl_generator_py.so
[7.511s] -- Set runtime path of "/home/snape/rt_2/actions/install/bme_gazebo_sensors/lib/libbme_gazebo_sensors__rosidl_generator_py.so" to ""
[7.511s] -- Installing: /home/snape/rt_2/actions/install/bme_gazebo_sensors/share/bme_gazebo_sensors/action/MoveAction.idl
[7.512s] -- Installing: /home/snape/rt_2/actions/install/bme_gazebo_sensors/share/bme_gazebo_sensors/action/MoveAction.action
[7.512s] -- Installing: /home/snape/rt_2/actions/install/bme_gazebo_sensors/share/bme_gazebo_sensors/launch
[7.512s] -- Installing: /home/snape/rt_2/actions/install/bme_gazebo_sensors/share/bme_gazebo_sensors/launch/spawn_robot_ex.launch.py
[7.512s] -- Installing: /home/snape/rt_2/actions/install/bme_gazebo_sensors/share/bme_gazebo_sensors/launch/world.launch.py
[7.512s] -- Installing: /home/snape/rt_2/actions/install/bme_gazebo_sensors/share/bme_gazebo_sensors/launch/spawn_robot.launch.py
[7.512s] -- Installing: /home/snape/rt_2/actions/install/bme_gazebo_sensors/share/bme_gazebo_sensors/worlds
[7.512s] -- Installing: /home/snape/rt_2/actions/install/bme_gazebo_sensors/share/bme_gazebo_sensors/worlds/home.sdf
[7.514s] -- Installing: /home/snape/rt_2/actions/install/bme_gazebo_sensors/share/bme_gazebo_sensors/worlds/my.sdf
[7.514s] -- Installing: /home/snape/rt_2/actions/install/bme_gazebo_sensors/share/bme_gazebo_sensors/worlds/world.sdf
[7.515s] -- Installing: /home/snape/rt_2/actions/install/bme_gazebo_sensors/share/bme_gazebo_sensors/worlds/world_empty.sdf
[7.516s] -- Installing: /home/snape/rt_2/actions/install/bme_gazebo_sensors/share/bme_gazebo_sensors/worlds/my_world.sdf
[7.516s] -- Installing: /home/snape/rt_2/actions/install/bme_gazebo_sensors/share/bme_gazebo_sensors/rviz
[7.516s] -- Installing: /home/snape/rt_2/actions/install/bme_gazebo_sensors/share/bme_gazebo_sensors/rviz/gps.rviz
[7.517s] -- Installing: /home/snape/rt_2/actions/install/bme_gazebo_sensors/share/bme_gazebo_sensors/rviz/urdf.rviz
[7.517s] -- Installing: /home/snape/rt_2/actions/install/bme_gazebo_sensors/share/bme_gazebo_sensors/rviz/rviz.rviz
[7.518s] -- Installing: /home/snape/rt_2/actions/install/bme_gazebo_sensors/share/bme_gazebo_sensors/urdf
[7.518s] -- Installing: /home/snape/rt_2/actions/install/bme_gazebo_sensors/share/bme_gazebo_sensors/urdf/mogi_bot.gazebo
[7.518s] -- Installing: /home/snape/rt_2/actions/install/bme_gazebo_sensors/share/bme_gazebo_sensors/urdf/materials.xacro
[7.519s] -- Installing: /home/snape/rt_2/actions/install/bme_gazebo_sensors/share/bme_gazebo_sensors/urdf/mogi_bot.urdf
[7.519s] -- Installing: /home/snape/rt_2/actions/install/bme_gazebo_sensors/share/bme_gazebo_sensors/meshes
[7.519s] -- Installing: /home/snape/rt_2/actions/install/bme_gazebo_sensors/share/bme_gazebo_sensors/meshes/lidar.dae
[7.520s] -- Installing: /home/snape/rt_2/actions/install/bme_gazebo_sensors/share/bme_gazebo_sensors/meshes/mogi_bot.dae
[7.521s] -- Installing: /home/snape/rt_2/actions/install/bme_gazebo_sensors/share/bme_gazebo_sensors/meshes/wheel.dae
[7.523s] -- Installing: /home/snape/rt_2/actions/install/bme_gazebo_sensors/share/bme_gazebo_sensors/config
[7.523s] -- Installing: /home/snape/rt_2/actions/install/bme_gazebo_sensors/share/bme_gazebo_sensors/config/ekf.yaml
[7.523s] -- Installing: /home/snape/rt_2/actions/install/bme_gazebo_sensors/lib/bme_gazebo_sensors/a_client.py
[7.524s] -- Installing: /home/snape/rt_2/actions/install/bme_gazebo_sensors/lib/bme_gazebo_sensors/a_server.py
[7.525s] -- Installing: /home/snape/rt_2/actions/install/bme_gazebo_sensors/share/ament_index/resource_index/package_run_dependencies/bme_gazebo_sensors
[7.525s] -- Installing: /home/snape/rt_2/actions/install/bme_gazebo_sensors/share/ament_index/resource_index/parent_prefix_path/bme_gazebo_sensors
[7.525s] -- Installing: /home/snape/rt_2/actions/install/bme_gazebo_sensors/share/bme_gazebo_sensors/environment/ament_prefix_path.sh
[7.525s] -- Installing: /home/snape/rt_2/actions/install/bme_gazebo_sensors/share/bme_gazebo_sensors/environment/ament_prefix_path.dsv
[7.525s] -- Installing: /home/snape/rt_2/actions/install/bme_gazebo_sensors/share/bme_gazebo_sensors/environment/path.sh
[7.525s] -- Installing: /home/snape/rt_2/actions/install/bme_gazebo_sensors/share/bme_gazebo_sensors/environment/path.dsv
[7.525s] -- Installing: /home/snape/rt_2/actions/install/bme_gazebo_sensors/share/bme_gazebo_sensors/local_setup.bash
[7.526s] -- Installing: /home/snape/rt_2/actions/install/bme_gazebo_sensors/share/bme_gazebo_sensors/local_setup.sh
[7.526s] -- Installing: /home/snape/rt_2/actions/install/bme_gazebo_sensors/share/bme_gazebo_sensors/local_setup.zsh
[7.526s] -- Installing: /home/snape/rt_2/actions/install/bme_gazebo_sensors/share/bme_gazebo_sensors/local_setup.dsv
[7.526s] -- Installing: /home/snape/rt_2/actions/install/bme_gazebo_sensors/share/bme_gazebo_sensors/package.dsv
[7.526s] -- Installing: /home/snape/rt_2/actions/install/bme_gazebo_sensors/share/ament_index/resource_index/packages/bme_gazebo_sensors
[7.526s] -- Installing: /home/snape/rt_2/actions/install/bme_gazebo_sensors/share/bme_gazebo_sensors/cmake/export_bme_gazebo_sensors__rosidl_generator_cExport.cmake
[7.526s] -- Installing: /home/snape/rt_2/actions/install/bme_gazebo_sensors/share/bme_gazebo_sensors/cmake/export_bme_gazebo_sensors__rosidl_generator_cExport-noconfig.cmake
[7.526s] -- Installing: /home/snape/rt_2/actions/install/bme_gazebo_sensors/share/bme_gazebo_sensors/cmake/export_bme_gazebo_sensors__rosidl_typesupport_fastrtps_cExport.cmake
[7.526s] -- Installing: /home/snape/rt_2/actions/install/bme_gazebo_sensors/share/bme_gazebo_sensors/cmake/export_bme_gazebo_sensors__rosidl_typesupport_fastrtps_cExport-noconfig.cmake
[7.527s] -- Installing: /home/snape/rt_2/actions/install/bme_gazebo_sensors/share/bme_gazebo_sensors/cmake/bme_gazebo_sensors__rosidl_typesupport_introspection_cExport.cmake
[7.527s] -- Installing: /home/snape/rt_2/actions/install/bme_gazebo_sensors/share/bme_gazebo_sensors/cmake/bme_gazebo_sensors__rosidl_typesupport_introspection_cExport-noconfig.cmake
[7.527s] -- Installing: /home/snape/rt_2/actions/install/bme_gazebo_sensors/share/bme_gazebo_sensors/cmake/bme_gazebo_sensors__rosidl_typesupport_cExport.cmake
[7.527s] -- Installing: /home/snape/rt_2/actions/install/bme_gazebo_sensors/share/bme_gazebo_sensors/cmake/bme_gazebo_sensors__rosidl_typesupport_cExport-noconfig.cmake
[7.527s] -- Installing: /home/snape/rt_2/actions/install/bme_gazebo_sensors/share/bme_gazebo_sensors/cmake/export_bme_gazebo_sensors__rosidl_generator_cppExport.cmake
[7.527s] -- Installing: /home/snape/rt_2/actions/install/bme_gazebo_sensors/share/bme_gazebo_sensors/cmake/export_bme_gazebo_sensors__rosidl_typesupport_fastrtps_cppExport.cmake
[7.527s] -- Installing: /home/snape/rt_2/actions/install/bme_gazebo_sensors/share/bme_gazebo_sensors/cmake/export_bme_gazebo_sensors__rosidl_typesupport_fastrtps_cppExport-noconfig.cmake
[7.527s] -- Installing: /home/snape/rt_2/actions/install/bme_gazebo_sensors/share/bme_gazebo_sensors/cmake/bme_gazebo_sensors__rosidl_typesupport_introspection_cppExport.cmake
[7.527s] -- Installing: /home/snape/rt_2/actions/install/bme_gazebo_sensors/share/bme_gazebo_sensors/cmake/bme_gazebo_sensors__rosidl_typesupport_introspection_cppExport-noconfig.cmake
[7.527s] -- Installing: /home/snape/rt_2/actions/install/bme_gazebo_sensors/share/bme_gazebo_sensors/cmake/bme_gazebo_sensors__rosidl_typesupport_cppExport.cmake
[7.528s] -- Installing: /home/snape/rt_2/actions/install/bme_gazebo_sensors/share/bme_gazebo_sensors/cmake/bme_gazebo_sensors__rosidl_typesupport_cppExport-noconfig.cmake
[7.528s] -- Installing: /home/snape/rt_2/actions/install/bme_gazebo_sensors/share/bme_gazebo_sensors/cmake/export_bme_gazebo_sensors__rosidl_generator_pyExport.cmake
[7.528s] -- Installing: /home/snape/rt_2/actions/install/bme_gazebo_sensors/share/bme_gazebo_sensors/cmake/export_bme_gazebo_sensors__rosidl_generator_pyExport-noconfig.cmake
[7.528s] -- Installing: /home/snape/rt_2/actions/install/bme_gazebo_sensors/share/bme_gazebo_sensors/cmake/rosidl_cmake-extras.cmake
[7.528s] -- Installing: /home/snape/rt_2/actions/install/bme_gazebo_sensors/share/bme_gazebo_sensors/cmake/ament_cmake_export_dependencies-extras.cmake
[7.528s] -- Installing: /home/snape/rt_2/actions/install/bme_gazebo_sensors/share/bme_gazebo_sensors/cmake/ament_cmake_export_include_directories-extras.cmake
[7.528s] -- Installing: /home/snape/rt_2/actions/install/bme_gazebo_sensors/share/bme_gazebo_sensors/cmake/ament_cmake_export_libraries-extras.cmake
[7.528s] -- Installing: /home/snape/rt_2/actions/install/bme_gazebo_sensors/share/bme_gazebo_sensors/cmake/ament_cmake_export_targets-extras.cmake
[7.528s] -- Installing: /home/snape/rt_2/actions/install/bme_gazebo_sensors/share/bme_gazebo_sensors/cmake/rosidl_cmake_export_typesupport_targets-extras.cmake
[7.529s] -- Installing: /home/snape/rt_2/actions/install/bme_gazebo_sensors/share/bme_gazebo_sensors/cmake/rosidl_cmake_export_typesupport_libraries-extras.cmake
[7.529s] -- Installing: /home/snape/rt_2/actions/install/bme_gazebo_sensors/share/bme_gazebo_sensors/cmake/bme_gazebo_sensorsConfig.cmake
[7.529s] -- Installing: /home/snape/rt_2/actions/install/bme_gazebo_sensors/share/bme_gazebo_sensors/cmake/bme_gazebo_sensorsConfig-version.cmake
[7.529s] -- Installing: /home/snape/rt_2/actions/install/bme_gazebo_sensors/share/bme_gazebo_sensors/package.xml
[7.531s] Invoked command in '/home/snape/rt_2/actions/build/bme_gazebo_sensors' returned '0': CMAKE_PREFIX_PATH=${CMAKE_PREFIX_PATH}:/opt/ros/humble /usr/bin/cmake --install /home/snape/rt_2/actions/build/bme_gazebo_sensors
