[  3%] Built target bme_gazebo_sensors__cpp
[ 12%] Built target bme_gazebo_sensors__rosidl_generator_c
[ 12%] Built target ament_cmake_python_copy_bme_gazebo_sensors
[ 22%] Built target bme_gazebo_sensors__rosidl_typesupport_cpp
[ 32%] Built target bme_gazebo_sensors__rosidl_typesupport_introspection_cpp
[ 41%] Built target bme_gazebo_sensors__rosidl_typesupport_fastrtps_cpp
[ 51%] Built target bme_gazebo_sensors__rosidl_typesupport_introspection_c
[ 61%] Built target bme_gazebo_sensors__rosidl_typesupport_c
[ 70%] Built target bme_gazebo_sensors__rosidl_typesupport_fastrtps_c
[ 70%] Built target bme_gazebo_sensors
[ 74%] Built target bme_gazebo_sensors__py
[ 80%] Built target bme_gazebo_sensors__rosidl_generator_py
[ 87%] Built target bme_gazebo_sensors__rosidl_typesupport_introspection_c__pyext
[100%] Built target bme_gazebo_sensors__rosidl_typesupport_c__pyext
[100%] Built target bme_gazebo_sensors__rosidl_typesupport_fastrtps_c__pyext
running egg_info
writing bme_gazebo_sensors.egg-info/PKG-INFO
writing dependency_links to bme_gazebo_sensors.egg-info/dependency_links.txt
writing top-level names to bme_gazebo_sensors.egg-info/top_level.txt
reading manifest file 'bme_gazebo_sensors.egg-info/SOURCES.txt'
writing manifest file 'bme_gazebo_sensors.egg-info/SOURCES.txt'
[100%] Built target ament_cmake_python_build_bme_gazebo_sensors_egg
-- Install configuration: ""
-- Up-to-date: /home/snape/rt_2/actions/install/bme_gazebo_sensors/share/ament_index/resource_index/rosidl_interfaces/bme_gazebo_sensors
-- Up-to-date: /home/snape/rt_2/actions/install/bme_gazebo_sensors/include/bme_gazebo_sensors/bme_gazebo_sensors
-- Up-to-date: /home/snape/rt_2/actions/install/bme_gazebo_sensors/include/bme_gazebo_sensors/bme_gazebo_sensors/msg
-- Up-to-date: /home/snape/rt_2/actions/install/bme_gazebo_sensors/include/bme_gazebo_sensors/bme_gazebo_sensors/msg/rosidl_generator_c__visibility_control.h
-- Up-to-date: /home/snape/rt_2/actions/install/bme_gazebo_sensors/include/bme_gazebo_sensors/bme_gazebo_sensors/action
-- Up-to-date: /home/snape/rt_2/actions/install/bme_gazebo_sensors/include/bme_gazebo_sensors/bme_gazebo_sensors/action/move_action.h
-- Up-to-date: /home/snape/rt_2/actions/install/bme_gazebo_sensors/include/bme_gazebo_sensors/bme_gazebo_sensors/action/detail
-- Up-to-date: /home/snape/rt_2/actions/install/bme_gazebo_sensors/include/bme_gazebo_sensors/bme_gazebo_sensors/action/detail/move_action__functions.c
-- Up-to-date: /home/snape/rt_2/actions/install/bme_gazebo_sensors/include/bme_gazebo_sensors/bme_gazebo_sensors/action/detail/move_action__functions.h
-- Up-to-date: /home/snape/rt_2/actions/install/bme_gazebo_sensors/include/bme_gazebo_sensors/bme_gazebo_sensors/action/detail/move_action__type_support.h
-- Up-to-date: /home/snape/rt_2/actions/install/bme_gazebo_sensors/include/bme_gazebo_sensors/bme_gazebo_sensors/action/detail/move_action__struct.h
-- Up-to-date: /home/snape/rt_2/actions/install/bme_gazebo_sensors/share/bme_gazebo_sensors/environment/library_path.sh
-- Up-to-date: /home/snape/rt_2/actions/install/bme_gazebo_sensors/share/bme_gazebo_sensors/environment/library_path.dsv
-- Up-to-date: /home/snape/rt_2/actions/install/bme_gazebo_sensors/lib/libbme_gazebo_sensors__rosidl_generator_c.so
-- Up-to-date: /home/snape/rt_2/actions/install/bme_gazebo_sensors/include/bme_gazebo_sensors/bme_gazebo_sensors
-- Up-to-date: /home/snape/rt_2/actions/install/bme_gazebo_sensors/include/bme_gazebo_sensors/bme_gazebo_sensors/msg
-- Up-to-date: /home/snape/rt_2/actions/install/bme_gazebo_sensors/include/bme_gazebo_sensors/bme_gazebo_sensors/msg/rosidl_typesupport_fastrtps_c__visibility_control.h
-- Up-to-date: /home/snape/rt_2/actions/install/bme_gazebo_sensors/include/bme_gazebo_sensors/bme_gazebo_sensors/action
-- Up-to-date: /home/snape/rt_2/actions/install/bme_gazebo_sensors/include/bme_gazebo_sensors/bme_gazebo_sensors/action/detail
-- Up-to-date: /home/snape/rt_2/actions/install/bme_gazebo_sensors/include/bme_gazebo_sensors/bme_gazebo_sensors/action/detail/move_action__rosidl_typesupport_fastrtps_c.h
-- Up-to-date: /home/snape/rt_2/actions/install/bme_gazebo_sensors/lib/libbme_gazebo_sensors__rosidl_typesupport_fastrtps_c.so
-- Up-to-date: /home/snape/rt_2/actions/install/bme_gazebo_sensors/include/bme_gazebo_sensors/bme_gazebo_sensors
-- Up-to-date: /home/snape/rt_2/actions/install/bme_gazebo_sensors/include/bme_gazebo_sensors/bme_gazebo_sensors/msg
-- Up-to-date: /home/snape/rt_2/actions/install/bme_gazebo_sensors/include/bme_gazebo_sensors/bme_gazebo_sensors/msg/rosidl_typesupport_introspection_c__visibility_control.h
-- Up-to-date: /home/snape/rt_2/actions/install/bme_gazebo_sensors/include/bme_gazebo_sensors/bme_gazebo_sensors/action
-- Up-to-date: /home/snape/rt_2/actions/install/bme_gazebo_sensors/include/bme_gazebo_sensors/bme_gazebo_sensors/action/detail
-- Up-to-date: /home/snape/rt_2/actions/install/bme_gazebo_sensors/include/bme_gazebo_sensors/bme_gazebo_sensors/action/detail/move_action__rosidl_typesupport_introspection_c.h
-- Up-to-date: /home/snape/rt_2/actions/install/bme_gazebo_sensors/include/bme_gazebo_sensors/bme_gazebo_sensors/action/detail/move_action__type_support.c
-- Up-to-date: /home/snape/rt_2/actions/install/bme_gazebo_sensors/lib/libbme_gazebo_sensors__rosidl_typesupport_introspection_c.so
-- Up-to-date: /home/snape/rt_2/actions/install/bme_gazebo_sensors/lib/libbme_gazebo_sensors__rosidl_typesupport_c.so
-- Up-to-date: /home/snape/rt_2/actions/install/bme_gazebo_sensors/include/bme_gazebo_sensors/bme_gazebo_sensors
-- Up-to-date: /home/snape/rt_2/actions/install/bme_gazebo_sensors/include/bme_gazebo_sensors/bme_gazebo_sensors/msg
-- Up-to-date: /home/snape/rt_2/actions/install/bme_gazebo_sensors/include/bme_gazebo_sensors/bme_gazebo_sensors/msg/rosidl_generator_cpp__visibility_control.hpp
-- Up-to-date: /home/snape/rt_2/actions/install/bme_gazebo_sensors/include/bme_gazebo_sensors/bme_gazebo_sensors/action
-- Up-to-date: /home/snape/rt_2/actions/install/bme_gazebo_sensors/include/bme_gazebo_sensors/bme_gazebo_sensors/action/move_action.hpp
-- Up-to-date: /home/snape/rt_2/actions/install/bme_gazebo_sensors/include/bme_gazebo_sensors/bme_gazebo_sensors/action/detail
-- Up-to-date: /home/snape/rt_2/actions/install/bme_gazebo_sensors/include/bme_gazebo_sensors/bme_gazebo_sensors/action/detail/move_action__struct.hpp
-- Up-to-date: /home/snape/rt_2/actions/install/bme_gazebo_sensors/include/bme_gazebo_sensors/bme_gazebo_sensors/action/detail/move_action__builder.hpp
-- Up-to-date: /home/snape/rt_2/actions/install/bme_gazebo_sensors/include/bme_gazebo_sensors/bme_gazebo_sensors/action/detail/move_action__type_support.hpp
-- Up-to-date: /home/snape/rt_2/actions/install/bme_gazebo_sensors/include/bme_gazebo_sensors/bme_gazebo_sensors/action/detail/move_action__traits.hpp
-- Up-to-date: /home/snape/rt_2/actions/install/bme_gazebo_sensors/include/bme_gazebo_sensors/bme_gazebo_sensors
-- Up-to-date: /home/snape/rt_2/actions/install/bme_gazebo_sensors/include/bme_gazebo_sensors/bme_gazebo_sensors/msg
-- Up-to-date: /home/snape/rt_2/actions/install/bme_gazebo_sensors/include/bme_gazebo_sensors/bme_gazebo_sensors/msg/rosidl_typesupport_fastrtps_cpp__visibility_control.h
-- Up-to-date: /home/snape/rt_2/actions/install/bme_gazebo_sensors/include/bme_gazebo_sensors/bme_gazebo_sensors/action
-- Up-to-date: /home/snape/rt_2/actions/install/bme_gazebo_sensors/include/bme_gazebo_sensors/bme_gazebo_sensors/action/detail
-- Up-to-date: /home/snape/rt_2/actions/install/bme_gazebo_sensors/include/bme_gazebo_sensors/bme_gazebo_sensors/action/detail/dds_fastrtps
-- Up-to-date: /home/snape/rt_2/actions/install/bme_gazebo_sensors/include/bme_gazebo_sensors/bme_gazebo_sensors/action/detail/move_action__rosidl_typesupport_fastrtps_cpp.hpp
-- Up-to-date: /home/snape/rt_2/actions/install/bme_gazebo_sensors/lib/libbme_gazebo_sensors__rosidl_typesupport_fastrtps_cpp.so
-- Up-to-date: /home/snape/rt_2/actions/install/bme_gazebo_sensors/include/bme_gazebo_sensors/bme_gazebo_sensors
-- Up-to-date: /home/snape/rt_2/actions/install/bme_gazebo_sensors/include/bme_gazebo_sensors/bme_gazebo_sensors/action
-- Up-to-date: /home/snape/rt_2/actions/install/bme_gazebo_sensors/include/bme_gazebo_sensors/bme_gazebo_sensors/action/detail
-- Up-to-date: /home/snape/rt_2/actions/install/bme_gazebo_sensors/include/bme_gazebo_sensors/bme_gazebo_sensors/action/detail/move_action__type_support.cpp
-- Up-to-date: /home/snape/rt_2/actions/install/bme_gazebo_sensors/include/bme_gazebo_sensors/bme_gazebo_sensors/action/detail/move_action__rosidl_typesupport_introspection_cpp.hpp
-- Up-to-date: /home/snape/rt_2/actions/install/bme_gazebo_sensors/lib/libbme_gazebo_sensors__rosidl_typesupport_introspection_cpp.so
-- Up-to-date: /home/snape/rt_2/actions/install/bme_gazebo_sensors/lib/libbme_gazebo_sensors__rosidl_typesupport_cpp.so
-- Up-to-date: /home/snape/rt_2/actions/install/bme_gazebo_sensors/share/bme_gazebo_sensors/environment/pythonpath.sh
-- Up-to-date: /home/snape/rt_2/actions/install/bme_gazebo_sensors/share/bme_gazebo_sensors/environment/pythonpath.dsv
-- Up-to-date: /home/snape/rt_2/actions/install/bme_gazebo_sensors/local/lib/python3.10/dist-packages/bme_gazebo_sensors-1.0.0-py3.10.egg-info
-- Installing: /home/snape/rt_2/actions/install/bme_gazebo_sensors/local/lib/python3.10/dist-packages/bme_gazebo_sensors-1.0.0-py3.10.egg-info/top_level.txt
-- Installing: /home/snape/rt_2/actions/install/bme_gazebo_sensors/local/lib/python3.10/dist-packages/bme_gazebo_sensors-1.0.0-py3.10.egg-info/SOURCES.txt
-- Installing: /home/snape/rt_2/actions/install/bme_gazebo_sensors/local/lib/python3.10/dist-packages/bme_gazebo_sensors-1.0.0-py3.10.egg-info/PKG-INFO
-- Installing: /home/snape/rt_2/actions/install/bme_gazebo_sensors/local/lib/python3.10/dist-packages/bme_gazebo_sensors-1.0.0-py3.10.egg-info/dependency_links.txt
-- Up-to-date: /home/snape/rt_2/actions/install/bme_gazebo_sensors/local/lib/python3.10/dist-packages/bme_gazebo_sensors
-- Up-to-date: /home/snape/rt_2/actions/install/bme_gazebo_sensors/local/lib/python3.10/dist-packages/bme_gazebo_sensors/bme_gazebo_sensors_s__rosidl_typesupport_c.cpython-310-x86_64-linux-gnu.so
-- Up-to-date: /home/snape/rt_2/actions/install/bme_gazebo_sensors/local/lib/python3.10/dist-packages/bme_gazebo_sensors/bme_gazebo_sensors_s__rosidl_typesupport_introspection_c.cpython-310-x86_64-linux-gnu.so
-- Up-to-date: /home/snape/rt_2/actions/install/bme_gazebo_sensors/local/lib/python3.10/dist-packages/bme_gazebo_sensors/bme_gazebo_sensors_s__rosidl_typesupport_fastrtps_c.cpython-310-x86_64-linux-gnu.so
-- Up-to-date: /home/snape/rt_2/actions/install/bme_gazebo_sensors/local/lib/python3.10/dist-packages/bme_gazebo_sensors/__init__.py
-- Up-to-date: /home/snape/rt_2/actions/install/bme_gazebo_sensors/local/lib/python3.10/dist-packages/bme_gazebo_sensors/_bme_gazebo_sensors_s.ep.rosidl_typesupport_c.c
-- Up-to-date: /home/snape/rt_2/actions/install/bme_gazebo_sensors/local/lib/python3.10/dist-packages/bme_gazebo_sensors/_bme_gazebo_sensors_s.ep.rosidl_typesupport_fastrtps_c.c
-- Up-to-date: /home/snape/rt_2/actions/install/bme_gazebo_sensors/local/lib/python3.10/dist-packages/bme_gazebo_sensors/action
-- Up-to-date: /home/snape/rt_2/actions/install/bme_gazebo_sensors/local/lib/python3.10/dist-packages/bme_gazebo_sensors/action/_move_action_s.c
-- Up-to-date: /home/snape/rt_2/actions/install/bme_gazebo_sensors/local/lib/python3.10/dist-packages/bme_gazebo_sensors/action/__init__.py
-- Up-to-date: /home/snape/rt_2/actions/install/bme_gazebo_sensors/local/lib/python3.10/dist-packages/bme_gazebo_sensors/action/_move_action.py
-- Up-to-date: /home/snape/rt_2/actions/install/bme_gazebo_sensors/local/lib/python3.10/dist-packages/bme_gazebo_sensors/libbme_gazebo_sensors__rosidl_generator_py.so
-- Up-to-date: /home/snape/rt_2/actions/install/bme_gazebo_sensors/local/lib/python3.10/dist-packages/bme_gazebo_sensors/_bme_gazebo_sensors_s.ep.rosidl_typesupport_introspection_c.c
Listing '/home/snape/rt_2/actions/install/bme_gazebo_sensors/local/lib/python3.10/dist-packages/bme_gazebo_sensors'...
Listing '/home/snape/rt_2/actions/install/bme_gazebo_sensors/local/lib/python3.10/dist-packages/bme_gazebo_sensors/action'...
-- Up-to-date: /home/snape/rt_2/actions/install/bme_gazebo_sensors/local/lib/python3.10/dist-packages/bme_gazebo_sensors/bme_gazebo_sensors_s__rosidl_typesupport_fastrtps_c.cpython-310-x86_64-linux-gnu.so
-- Up-to-date: /home/snape/rt_2/actions/install/bme_gazebo_sensors/local/lib/python3.10/dist-packages/bme_gazebo_sensors/bme_gazebo_sensors_s__rosidl_typesupport_introspection_c.cpython-310-x86_64-linux-gnu.so
-- Up-to-date: /home/snape/rt_2/actions/install/bme_gazebo_sensors/local/lib/python3.10/dist-packages/bme_gazebo_sensors/bme_gazebo_sensors_s__rosidl_typesupport_c.cpython-310-x86_64-linux-gnu.so
-- Up-to-date: /home/snape/rt_2/actions/install/bme_gazebo_sensors/lib/libbme_gazebo_sensors__rosidl_generator_py.so
-- Up-to-date: /home/snape/rt_2/actions/install/bme_gazebo_sensors/share/bme_gazebo_sensors/action/MoveAction.idl
-- Up-to-date: /home/snape/rt_2/actions/install/bme_gazebo_sensors/share/bme_gazebo_sensors/action/MoveAction.action
-- Up-to-date: /home/snape/rt_2/actions/install/bme_gazebo_sensors/share/bme_gazebo_sensors/launch
-- Up-to-date: /home/snape/rt_2/actions/install/bme_gazebo_sensors/share/bme_gazebo_sensors/launch/spawn_robot_ex.launch.py
-- Up-to-date: /home/snape/rt_2/actions/install/bme_gazebo_sensors/share/bme_gazebo_sensors/launch/world.launch.py
-- Up-to-date: /home/snape/rt_2/actions/install/bme_gazebo_sensors/share/bme_gazebo_sensors/launch/spawn_robot.launch.py
-- Up-to-date: /home/snape/rt_2/actions/install/bme_gazebo_sensors/share/bme_gazebo_sensors/worlds
-- Up-to-date: /home/snape/rt_2/actions/install/bme_gazebo_sensors/share/bme_gazebo_sensors/worlds/home.sdf
-- Up-to-date: /home/snape/rt_2/actions/install/bme_gazebo_sensors/share/bme_gazebo_sensors/worlds/my.sdf
-- Up-to-date: /home/snape/rt_2/actions/install/bme_gazebo_sensors/share/bme_gazebo_sensors/worlds/world.sdf
-- Up-to-date: /home/snape/rt_2/actions/install/bme_gazebo_sensors/share/bme_gazebo_sensors/worlds/world_empty.sdf
-- Up-to-date: /home/snape/rt_2/actions/install/bme_gazebo_sensors/share/bme_gazebo_sensors/worlds/my_world.sdf
-- Up-to-date: /home/snape/rt_2/actions/install/bme_gazebo_sensors/share/bme_gazebo_sensors/rviz
-- Up-to-date: /home/snape/rt_2/actions/install/bme_gazebo_sensors/share/bme_gazebo_sensors/rviz/gps.rviz
-- Up-to-date: /home/snape/rt_2/actions/install/bme_gazebo_sensors/share/bme_gazebo_sensors/rviz/urdf.rviz
-- Up-to-date: /home/snape/rt_2/actions/install/bme_gazebo_sensors/share/bme_gazebo_sensors/rviz/rviz.rviz
-- Up-to-date: /home/snape/rt_2/actions/install/bme_gazebo_sensors/share/bme_gazebo_sensors/urdf
-- Up-to-date: /home/snape/rt_2/actions/install/bme_gazebo_sensors/share/bme_gazebo_sensors/urdf/mogi_bot.gazebo
-- Up-to-date: /home/snape/rt_2/actions/install/bme_gazebo_sensors/share/bme_gazebo_sensors/urdf/materials.xacro
-- Up-to-date: /home/snape/rt_2/actions/install/bme_gazebo_sensors/share/bme_gazebo_sensors/urdf/mogi_bot.urdf
-- Up-to-date: /home/snape/rt_2/actions/install/bme_gazebo_sensors/share/bme_gazebo_sensors/meshes
-- Up-to-date: /home/snape/rt_2/actions/install/bme_gazebo_sensors/share/bme_gazebo_sensors/meshes/lidar.dae
-- Up-to-date: /home/snape/rt_2/actions/install/bme_gazebo_sensors/share/bme_gazebo_sensors/meshes/mogi_bot.dae
-- Up-to-date: /home/snape/rt_2/actions/install/bme_gazebo_sensors/share/bme_gazebo_sensors/meshes/wheel.dae
-- Up-to-date: /home/snape/rt_2/actions/install/bme_gazebo_sensors/share/bme_gazebo_sensors/config
-- Up-to-date: /home/snape/rt_2/actions/install/bme_gazebo_sensors/share/bme_gazebo_sensors/config/ekf.yaml
-- Installing: /home/snape/rt_2/actions/install/bme_gazebo_sensors/lib/bme_gazebo_sensors/a_client.py
-- Up-to-date: /home/snape/rt_2/actions/install/bme_gazebo_sensors/lib/bme_gazebo_sensors/a_server.py
-- Up-to-date: /home/snape/rt_2/actions/install/bme_gazebo_sensors/share/ament_index/resource_index/package_run_dependencies/bme_gazebo_sensors
-- Up-to-date: /home/snape/rt_2/actions/install/bme_gazebo_sensors/share/ament_index/resource_index/parent_prefix_path/bme_gazebo_sensors
-- Up-to-date: /home/snape/rt_2/actions/install/bme_gazebo_sensors/share/bme_gazebo_sensors/environment/ament_prefix_path.sh
-- Up-to-date: /home/snape/rt_2/actions/install/bme_gazebo_sensors/share/bme_gazebo_sensors/environment/ament_prefix_path.dsv
-- Up-to-date: /home/snape/rt_2/actions/install/bme_gazebo_sensors/share/bme_gazebo_sensors/environment/path.sh
-- Up-to-date: /home/snape/rt_2/actions/install/bme_gazebo_sensors/share/bme_gazebo_sensors/environment/path.dsv
-- Up-to-date: /home/snape/rt_2/actions/install/bme_gazebo_sensors/share/bme_gazebo_sensors/local_setup.bash
-- Up-to-date: /home/snape/rt_2/actions/install/bme_gazebo_sensors/share/bme_gazebo_sensors/local_setup.sh
-- Up-to-date: /home/snape/rt_2/actions/install/bme_gazebo_sensors/share/bme_gazebo_sensors/local_setup.zsh
-- Up-to-date: /home/snape/rt_2/actions/install/bme_gazebo_sensors/share/bme_gazebo_sensors/local_setup.dsv
-- Installing: /home/snape/rt_2/actions/install/bme_gazebo_sensors/share/bme_gazebo_sensors/package.dsv
-- Up-to-date: /home/snape/rt_2/actions/install/bme_gazebo_sensors/share/ament_index/resource_index/packages/bme_gazebo_sensors
-- Up-to-date: /home/snape/rt_2/actions/install/bme_gazebo_sensors/share/bme_gazebo_sensors/cmake/export_bme_gazebo_sensors__rosidl_generator_cExport.cmake
-- Up-to-date: /home/snape/rt_2/actions/install/bme_gazebo_sensors/share/bme_gazebo_sensors/cmake/export_bme_gazebo_sensors__rosidl_generator_cExport-noconfig.cmake
-- Up-to-date: /home/snape/rt_2/actions/install/bme_gazebo_sensors/share/bme_gazebo_sensors/cmake/export_bme_gazebo_sensors__rosidl_typesupport_fastrtps_cExport.cmake
-- Up-to-date: /home/snape/rt_2/actions/install/bme_gazebo_sensors/share/bme_gazebo_sensors/cmake/export_bme_gazebo_sensors__rosidl_typesupport_fastrtps_cExport-noconfig.cmake
-- Up-to-date: /home/snape/rt_2/actions/install/bme_gazebo_sensors/share/bme_gazebo_sensors/cmake/bme_gazebo_sensors__rosidl_typesupport_introspection_cExport.cmake
-- Up-to-date: /home/snape/rt_2/actions/install/bme_gazebo_sensors/share/bme_gazebo_sensors/cmake/bme_gazebo_sensors__rosidl_typesupport_introspection_cExport-noconfig.cmake
-- Up-to-date: /home/snape/rt_2/actions/install/bme_gazebo_sensors/share/bme_gazebo_sensors/cmake/bme_gazebo_sensors__rosidl_typesupport_cExport.cmake
-- Up-to-date: /home/snape/rt_2/actions/install/bme_gazebo_sensors/share/bme_gazebo_sensors/cmake/bme_gazebo_sensors__rosidl_typesupport_cExport-noconfig.cmake
-- Up-to-date: /home/snape/rt_2/actions/install/bme_gazebo_sensors/share/bme_gazebo_sensors/cmake/export_bme_gazebo_sensors__rosidl_generator_cppExport.cmake
-- Up-to-date: /home/snape/rt_2/actions/install/bme_gazebo_sensors/share/bme_gazebo_sensors/cmake/export_bme_gazebo_sensors__rosidl_typesupport_fastrtps_cppExport.cmake
-- Up-to-date: /home/snape/rt_2/actions/install/bme_gazebo_sensors/share/bme_gazebo_sensors/cmake/export_bme_gazebo_sensors__rosidl_typesupport_fastrtps_cppExport-noconfig.cmake
-- Up-to-date: /home/snape/rt_2/actions/install/bme_gazebo_sensors/share/bme_gazebo_sensors/cmake/bme_gazebo_sensors__rosidl_typesupport_introspection_cppExport.cmake
-- Up-to-date: /home/snape/rt_2/actions/install/bme_gazebo_sensors/share/bme_gazebo_sensors/cmake/bme_gazebo_sensors__rosidl_typesupport_introspection_cppExport-noconfig.cmake
-- Up-to-date: /home/snape/rt_2/actions/install/bme_gazebo_sensors/share/bme_gazebo_sensors/cmake/bme_gazebo_sensors__rosidl_typesupport_cppExport.cmake
-- Up-to-date: /home/snape/rt_2/actions/install/bme_gazebo_sensors/share/bme_gazebo_sensors/cmake/bme_gazebo_sensors__rosidl_typesupport_cppExport-noconfig.cmake
-- Up-to-date: /home/snape/rt_2/actions/install/bme_gazebo_sensors/share/bme_gazebo_sensors/cmake/export_bme_gazebo_sensors__rosidl_generator_pyExport.cmake
-- Up-to-date: /home/snape/rt_2/actions/install/bme_gazebo_sensors/share/bme_gazebo_sensors/cmake/export_bme_gazebo_sensors__rosidl_generator_pyExport-noconfig.cmake
-- Up-to-date: /home/snape/rt_2/actions/install/bme_gazebo_sensors/share/bme_gazebo_sensors/cmake/rosidl_cmake-extras.cmake
-- Up-to-date: /home/snape/rt_2/actions/install/bme_gazebo_sensors/share/bme_gazebo_sensors/cmake/ament_cmake_export_dependencies-extras.cmake
-- Up-to-date: /home/snape/rt_2/actions/install/bme_gazebo_sensors/share/bme_gazebo_sensors/cmake/ament_cmake_export_include_directories-extras.cmake
-- Up-to-date: /home/snape/rt_2/actions/install/bme_gazebo_sensors/share/bme_gazebo_sensors/cmake/ament_cmake_export_libraries-extras.cmake
-- Up-to-date: /home/snape/rt_2/actions/install/bme_gazebo_sensors/share/bme_gazebo_sensors/cmake/ament_cmake_export_targets-extras.cmake
-- Up-to-date: /home/snape/rt_2/actions/install/bme_gazebo_sensors/share/bme_gazebo_sensors/cmake/rosidl_cmake_export_typesupport_targets-extras.cmake
-- Up-to-date: /home/snape/rt_2/actions/install/bme_gazebo_sensors/share/bme_gazebo_sensors/cmake/rosidl_cmake_export_typesupport_libraries-extras.cmake
-- Up-to-date: /home/snape/rt_2/actions/install/bme_gazebo_sensors/share/bme_gazebo_sensors/cmake/bme_gazebo_sensorsConfig.cmake
-- Up-to-date: /home/snape/rt_2/actions/install/bme_gazebo_sensors/share/bme_gazebo_sensors/cmake/bme_gazebo_sensorsConfig-version.cmake
-- Up-to-date: /home/snape/rt_2/actions/install/bme_gazebo_sensors/share/bme_gazebo_sensors/package.xml
