-- Found ament_cmake: 1.3.13 (/opt/ros/humble/share/ament_cmake/cmake)
-- Found rosidl_default_generators: 1.2.0 (/opt/ros/humble/share/rosidl_default_generators/cmake)
-- Using all available rosidl_typesupport_c: rosidl_typesupport_fastrtps_c;rosidl_typesupport_introspection_c
-- Found rosidl_adapter: 3.1.8 (/opt/ros/humble/share/rosidl_adapter/cmake)
-- Using all available rosidl_typesupport_cpp: rosidl_typesupport_fastrtps_cpp;rosidl_typesupport_introspection_cpp
-- Found action_msgs: 1.2.2 (/opt/ros/humble/share/action_msgs/cmake)
-- Found geometry_msgs: 4.9.1 (/opt/ros/humble/share/geometry_msgs/cmake)
-- Found nav_msgs: 4.9.1 (/opt/ros/humble/share/nav_msgs/cmake)
-- Found ament_cmake_ros: 0.10.0 (/opt/ros/humble/share/ament_cmake_ros/cmake)
-- Using all available rosidl_typesupport_c: rosidl_typesupport_fastrtps_c;rosidl_typesupport_introspection_c
-- Using all available rosidl_typesupport_cpp: rosidl_typesupport_fastrtps_cpp;rosidl_typesupport_introspection_cpp
-- Found python_cmake_module: 0.10.0 (/opt/ros/humble/share/python_cmake_module/cmake)
-- Using PYTHON_EXECUTABLE: /usr/bin/python3
-- Using PYTHON_INCLUDE_DIRS: /usr/include/python3.10
-- Using PYTHON_LIBRARIES: /usr/lib/x86_64-linux-gnu/libpython3.10.so
-- Found ament_lint_auto: 0.12.15 (/opt/ros/humble/share/ament_lint_auto/cmake)
-- Added test 'flake8' to check Python code syntax and style conventions
-- Added test 'lint_cmake' to check CMake code style
-- Added test 'pep257' to check Python code against some of the docstring style conventions in PEP 257
-- Added test 'xmllint' to check XML markup files
-- Configuring done
-- Generating done
-- Build files have been written to: /home/snape/rt_2/actions/build/bme_gazebo_sensors
[  3%] [34m[1mGenerating C++ code for ROS interfaces[0m
[  3%] Built target bme_gazebo_sensors__cpp
[  3%] Built target ament_cmake_python_copy_bme_gazebo_sensors
[  6%] [34m[1mGenerating C++ introspection for ROS interfaces[0m
[35m[1mConsolidate compiler generated dependencies of target bme_gazebo_sensors__rosidl_typesupport_introspection_cpp[0m
[  9%] [32mBuilding CXX object CMakeFiles/bme_gazebo_sensors__rosidl_typesupport_introspection_cpp.dir/rosidl_typesupport_introspection_cpp/bme_gazebo_sensors/action/detail/move_action__type_support.cpp.o[0m
[ 12%] [32m[1mLinking CXX shared library libbme_gazebo_sensors__rosidl_typesupport_introspection_cpp.so[0m
[ 12%] Built target bme_gazebo_sensors__rosidl_typesupport_introspection_cpp
running egg_info
writing bme_gazebo_sensors.egg-info/PKG-INFO
writing dependency_links to bme_gazebo_sensors.egg-info/dependency_links.txt
writing top-level names to bme_gazebo_sensors.egg-info/top_level.txt
reading manifest file 'bme_gazebo_sensors.egg-info/SOURCES.txt'
writing manifest file 'bme_gazebo_sensors.egg-info/SOURCES.txt'
[ 12%] Built target ament_cmake_python_build_bme_gazebo_sensors_egg
[ 16%] [34m[1mGenerating C++ type support for eProsima Fast-RTPS[0m
[35m[1mConsolidate compiler generated dependencies of target bme_gazebo_sensors__rosidl_typesupport_fastrtps_cpp[0m
[ 19%] [32mBuilding CXX object CMakeFiles/bme_gazebo_sensors__rosidl_typesupport_fastrtps_cpp.dir/rosidl_typesupport_fastrtps_cpp/bme_gazebo_sensors/action/detail/dds_fastrtps/move_action__type_support.cpp.o[0m
[ 22%] [32m[1mLinking CXX shared library libbme_gazebo_sensors__rosidl_typesupport_fastrtps_cpp.so[0m
[ 22%] Built target bme_gazebo_sensors__rosidl_typesupport_fastrtps_cpp
[ 25%] [34m[1mGenerating C++ type support dispatch for ROS interfaces[0m
[35m[1mConsolidate compiler generated dependencies of target bme_gazebo_sensors__rosidl_typesupport_cpp[0m
[ 29%] [32mBuilding CXX object CMakeFiles/bme_gazebo_sensors__rosidl_typesupport_cpp.dir/rosidl_typesupport_cpp/bme_gazebo_sensors/action/move_action__type_support.cpp.o[0m
[ 32%] [32m[1mLinking CXX shared library libbme_gazebo_sensors__rosidl_typesupport_cpp.so[0m
[ 32%] Built target bme_gazebo_sensors__rosidl_typesupport_cpp
[ 35%] [34m[1mGenerating C code for ROS interfaces[0m
[35m[1mConsolidate compiler generated dependencies of target bme_gazebo_sensors__rosidl_generator_c[0m
[ 38%] [32mBuilding C object CMakeFiles/bme_gazebo_sensors__rosidl_generator_c.dir/rosidl_generator_c/bme_gazebo_sensors/action/detail/move_action__functions.c.o[0m
[ 41%] [32m[1mLinking C shared library libbme_gazebo_sensors__rosidl_generator_c.so[0m
[ 41%] Built target bme_gazebo_sensors__rosidl_generator_c
[ 45%] [34m[1mGenerating C type support for eProsima Fast-RTPS[0m
[35m[1mConsolidate compiler generated dependencies of target bme_gazebo_sensors__rosidl_typesupport_fastrtps_c[0m
[ 48%] [32mBuilding CXX object CMakeFiles/bme_gazebo_sensors__rosidl_typesupport_fastrtps_c.dir/rosidl_typesupport_fastrtps_c/bme_gazebo_sensors/action/detail/move_action__type_support_c.cpp.o[0m
[ 51%] [32m[1mLinking CXX shared library libbme_gazebo_sensors__rosidl_typesupport_fastrtps_c.so[0m
[ 51%] Built target bme_gazebo_sensors__rosidl_typesupport_fastrtps_c
[ 54%] [34m[1mGenerating C type support dispatch for ROS interfaces[0m
[35m[1mConsolidate compiler generated dependencies of target bme_gazebo_sensors__rosidl_typesupport_c[0m
[ 58%] [32mBuilding CXX object CMakeFiles/bme_gazebo_sensors__rosidl_typesupport_c.dir/rosidl_typesupport_c/bme_gazebo_sensors/action/move_action__type_support.cpp.o[0m
[ 61%] [32m[1mLinking CXX shared library libbme_gazebo_sensors__rosidl_typesupport_c.so[0m
[ 61%] Built target bme_gazebo_sensors__rosidl_typesupport_c
[ 64%] [34m[1mGenerating C introspection for ROS interfaces[0m
[35m[1mConsolidate compiler generated dependencies of target bme_gazebo_sensors__rosidl_typesupport_introspection_c[0m
[ 67%] [32mBuilding C object CMakeFiles/bme_gazebo_sensors__rosidl_typesupport_introspection_c.dir/rosidl_typesupport_introspection_c/bme_gazebo_sensors/action/detail/move_action__type_support.c.o[0m
[ 70%] [32m[1mLinking C shared library libbme_gazebo_sensors__rosidl_typesupport_introspection_c.so[0m
[ 70%] Built target bme_gazebo_sensors__rosidl_typesupport_introspection_c
[ 70%] Built target bme_gazebo_sensors
[ 74%] [34m[1mGenerating Python code for ROS interfaces[0m
[ 74%] Built target bme_gazebo_sensors__py
[35m[1mConsolidate compiler generated dependencies of target bme_gazebo_sensors__rosidl_generator_py[0m
[ 77%] [32mBuilding C object CMakeFiles/bme_gazebo_sensors__rosidl_generator_py.dir/rosidl_generator_py/bme_gazebo_sensors/action/_move_action_s.c.o[0m
[ 80%] [32m[1mLinking C shared library rosidl_generator_py/bme_gazebo_sensors/libbme_gazebo_sensors__rosidl_generator_py.so[0m
[ 80%] Built target bme_gazebo_sensors__rosidl_generator_py
[35m[1mConsolidate compiler generated dependencies of target bme_gazebo_sensors__rosidl_typesupport_fastrtps_c__pyext[0m
[ 83%] [32mBuilding C object CMakeFiles/bme_gazebo_sensors__rosidl_typesupport_fastrtps_c__pyext.dir/rosidl_generator_py/bme_gazebo_sensors/_bme_gazebo_sensors_s.ep.rosidl_typesupport_fastrtps_c.c.o[0m
[ 87%] [32m[1mLinking C shared library rosidl_generator_py/bme_gazebo_sensors/bme_gazebo_sensors_s__rosidl_typesupport_fastrtps_c.cpython-310-x86_64-linux-gnu.so[0m
[ 87%] Built target bme_gazebo_sensors__rosidl_typesupport_fastrtps_c__pyext
[35m[1mConsolidate compiler generated dependencies of target bme_gazebo_sensors__rosidl_typesupport_c__pyext[0m
[ 90%] [32mBuilding C object CMakeFiles/bme_gazebo_sensors__rosidl_typesupport_c__pyext.dir/rosidl_generator_py/bme_gazebo_sensors/_bme_gazebo_sensors_s.ep.rosidl_typesupport_c.c.o[0m
[ 93%] [32m[1mLinking C shared library rosidl_generator_py/bme_gazebo_sensors/bme_gazebo_sensors_s__rosidl_typesupport_c.cpython-310-x86_64-linux-gnu.so[0m
[ 93%] Built target bme_gazebo_sensors__rosidl_typesupport_c__pyext
[35m[1mConsolidate compiler generated dependencies of target bme_gazebo_sensors__rosidl_typesupport_introspection_c__pyext[0m
[ 96%] [32mBuilding C object CMakeFiles/bme_gazebo_sensors__rosidl_typesupport_introspection_c__pyext.dir/rosidl_generator_py/bme_gazebo_sensors/_bme_gazebo_sensors_s.ep.rosidl_typesupport_introspection_c.c.o[0m
[100%] [32m[1mLinking C shared library rosidl_generator_py/bme_gazebo_sensors/bme_gazebo_sensors_s__rosidl_typesupport_introspection_c.cpython-310-x86_64-linux-gnu.so[0m
[100%] Built target bme_gazebo_sensors__rosidl_typesupport_introspection_c__pyext
-- Install configuration: ""
-- Up-to-date: /home/snape/rt_2/actions/install/bme_gazebo_sensors/share/ament_index/resource_index/rosidl_interfaces/bme_gazebo_sensors
-- Up-to-date: /home/snape/rt_2/actions/install/bme_gazebo_sensors/include/bme_gazebo_sensors/bme_gazebo_sensors
-- Up-to-date: /home/snape/rt_2/actions/install/bme_gazebo_sensors/include/bme_gazebo_sensors/bme_gazebo_sensors/msg
-- Up-to-date: /home/snape/rt_2/actions/install/bme_gazebo_sensors/include/bme_gazebo_sensors/bme_gazebo_sensors/msg/rosidl_generator_c__visibility_control.h
-- Up-to-date: /home/snape/rt_2/actions/install/bme_gazebo_sensors/include/bme_gazebo_sensors/bme_gazebo_sensors/action
-- Installing: /home/snape/rt_2/actions/install/bme_gazebo_sensors/include/bme_gazebo_sensors/bme_gazebo_sensors/action/move_action.h
-- Up-to-date: /home/snape/rt_2/actions/install/bme_gazebo_sensors/include/bme_gazebo_sensors/bme_gazebo_sensors/action/detail
-- Installing: /home/snape/rt_2/actions/install/bme_gazebo_sensors/include/bme_gazebo_sensors/bme_gazebo_sensors/action/detail/move_action__functions.c
-- Installing: /home/snape/rt_2/actions/install/bme_gazebo_sensors/include/bme_gazebo_sensors/bme_gazebo_sensors/action/detail/move_action__functions.h
-- Installing: /home/snape/rt_2/actions/install/bme_gazebo_sensors/include/bme_gazebo_sensors/bme_gazebo_sensors/action/detail/move_action__type_support.h
-- Installing: /home/snape/rt_2/actions/install/bme_gazebo_sensors/include/bme_gazebo_sensors/bme_gazebo_sensors/action/detail/move_action__struct.h
-- Up-to-date: /home/snape/rt_2/actions/install/bme_gazebo_sensors/share/bme_gazebo_sensors/environment/library_path.sh
-- Installing: /home/snape/rt_2/actions/install/bme_gazebo_sensors/share/bme_gazebo_sensors/environment/library_path.dsv
-- Installing: /home/snape/rt_2/actions/install/bme_gazebo_sensors/lib/libbme_gazebo_sensors__rosidl_generator_c.so
-- Set runtime path of "/home/snape/rt_2/actions/install/bme_gazebo_sensors/lib/libbme_gazebo_sensors__rosidl_generator_c.so" to ""
-- Up-to-date: /home/snape/rt_2/actions/install/bme_gazebo_sensors/include/bme_gazebo_sensors/bme_gazebo_sensors
-- Up-to-date: /home/snape/rt_2/actions/install/bme_gazebo_sensors/include/bme_gazebo_sensors/bme_gazebo_sensors/msg
-- Up-to-date: /home/snape/rt_2/actions/install/bme_gazebo_sensors/include/bme_gazebo_sensors/bme_gazebo_sensors/msg/rosidl_typesupport_fastrtps_c__visibility_control.h
-- Up-to-date: /home/snape/rt_2/actions/install/bme_gazebo_sensors/include/bme_gazebo_sensors/bme_gazebo_sensors/action
-- Up-to-date: /home/snape/rt_2/actions/install/bme_gazebo_sensors/include/bme_gazebo_sensors/bme_gazebo_sensors/action/detail
-- Installing: /home/snape/rt_2/actions/install/bme_gazebo_sensors/include/bme_gazebo_sensors/bme_gazebo_sensors/action/detail/move_action__rosidl_typesupport_fastrtps_c.h
-- Installing: /home/snape/rt_2/actions/install/bme_gazebo_sensors/lib/libbme_gazebo_sensors__rosidl_typesupport_fastrtps_c.so
-- Set runtime path of "/home/snape/rt_2/actions/install/bme_gazebo_sensors/lib/libbme_gazebo_sensors__rosidl_typesupport_fastrtps_c.so" to ""
-- Up-to-date: /home/snape/rt_2/actions/install/bme_gazebo_sensors/include/bme_gazebo_sensors/bme_gazebo_sensors
-- Up-to-date: /home/snape/rt_2/actions/install/bme_gazebo_sensors/include/bme_gazebo_sensors/bme_gazebo_sensors/msg
-- Up-to-date: /home/snape/rt_2/actions/install/bme_gazebo_sensors/include/bme_gazebo_sensors/bme_gazebo_sensors/msg/rosidl_typesupport_introspection_c__visibility_control.h
-- Up-to-date: /home/snape/rt_2/actions/install/bme_gazebo_sensors/include/bme_gazebo_sensors/bme_gazebo_sensors/action
-- Up-to-date: /home/snape/rt_2/actions/install/bme_gazebo_sensors/include/bme_gazebo_sensors/bme_gazebo_sensors/action/detail
-- Installing: /home/snape/rt_2/actions/install/bme_gazebo_sensors/include/bme_gazebo_sensors/bme_gazebo_sensors/action/detail/move_action__rosidl_typesupport_introspection_c.h
-- Installing: /home/snape/rt_2/actions/install/bme_gazebo_sensors/include/bme_gazebo_sensors/bme_gazebo_sensors/action/detail/move_action__type_support.c
-- Installing: /home/snape/rt_2/actions/install/bme_gazebo_sensors/lib/libbme_gazebo_sensors__rosidl_typesupport_introspection_c.so
-- Set runtime path of "/home/snape/rt_2/actions/install/bme_gazebo_sensors/lib/libbme_gazebo_sensors__rosidl_typesupport_introspection_c.so" to ""
-- Installing: /home/snape/rt_2/actions/install/bme_gazebo_sensors/lib/libbme_gazebo_sensors__rosidl_typesupport_c.so
-- Set runtime path of "/home/snape/rt_2/actions/install/bme_gazebo_sensors/lib/libbme_gazebo_sensors__rosidl_typesupport_c.so" to ""
-- Up-to-date: /home/snape/rt_2/actions/install/bme_gazebo_sensors/include/bme_gazebo_sensors/bme_gazebo_sensors
-- Up-to-date: /home/snape/rt_2/actions/install/bme_gazebo_sensors/include/bme_gazebo_sensors/bme_gazebo_sensors/msg
-- Up-to-date: /home/snape/rt_2/actions/install/bme_gazebo_sensors/include/bme_gazebo_sensors/bme_gazebo_sensors/msg/rosidl_generator_cpp__visibility_control.hpp
-- Up-to-date: /home/snape/rt_2/actions/install/bme_gazebo_sensors/include/bme_gazebo_sensors/bme_gazebo_sensors/action
-- Installing: /home/snape/rt_2/actions/install/bme_gazebo_sensors/include/bme_gazebo_sensors/bme_gazebo_sensors/action/move_action.hpp
-- Up-to-date: /home/snape/rt_2/actions/install/bme_gazebo_sensors/include/bme_gazebo_sensors/bme_gazebo_sensors/action/detail
-- Installing: /home/snape/rt_2/actions/install/bme_gazebo_sensors/include/bme_gazebo_sensors/bme_gazebo_sensors/action/detail/move_action__struct.hpp
-- Installing: /home/snape/rt_2/actions/install/bme_gazebo_sensors/include/bme_gazebo_sensors/bme_gazebo_sensors/action/detail/move_action__builder.hpp
-- Installing: /home/snape/rt_2/actions/install/bme_gazebo_sensors/include/bme_gazebo_sensors/bme_gazebo_sensors/action/detail/move_action__type_support.hpp
-- Installing: /home/snape/rt_2/actions/install/bme_gazebo_sensors/include/bme_gazebo_sensors/bme_gazebo_sensors/action/detail/move_action__traits.hpp
-- Up-to-date: /home/snape/rt_2/actions/install/bme_gazebo_sensors/include/bme_gazebo_sensors/bme_gazebo_sensors
-- Up-to-date: /home/snape/rt_2/actions/install/bme_gazebo_sensors/include/bme_gazebo_sensors/bme_gazebo_sensors/msg
-- Up-to-date: /home/snape/rt_2/actions/install/bme_gazebo_sensors/include/bme_gazebo_sensors/bme_gazebo_sensors/msg/rosidl_typesupport_fastrtps_cpp__visibility_control.h
-- Up-to-date: /home/snape/rt_2/actions/install/bme_gazebo_sensors/include/bme_gazebo_sensors/bme_gazebo_sensors/action
-- Up-to-date: /home/snape/rt_2/actions/install/bme_gazebo_sensors/include/bme_gazebo_sensors/bme_gazebo_sensors/action/detail
-- Up-to-date: /home/snape/rt_2/actions/install/bme_gazebo_sensors/include/bme_gazebo_sensors/bme_gazebo_sensors/action/detail/dds_fastrtps
-- Installing: /home/snape/rt_2/actions/install/bme_gazebo_sensors/include/bme_gazebo_sensors/bme_gazebo_sensors/action/detail/move_action__rosidl_typesupport_fastrtps_cpp.hpp
-- Installing: /home/snape/rt_2/actions/install/bme_gazebo_sensors/lib/libbme_gazebo_sensors__rosidl_typesupport_fastrtps_cpp.so
-- Set runtime path of "/home/snape/rt_2/actions/install/bme_gazebo_sensors/lib/libbme_gazebo_sensors__rosidl_typesupport_fastrtps_cpp.so" to ""
-- Up-to-date: /home/snape/rt_2/actions/install/bme_gazebo_sensors/include/bme_gazebo_sensors/bme_gazebo_sensors
-- Up-to-date: /home/snape/rt_2/actions/install/bme_gazebo_sensors/include/bme_gazebo_sensors/bme_gazebo_sensors/action
-- Up-to-date: /home/snape/rt_2/actions/install/bme_gazebo_sensors/include/bme_gazebo_sensors/bme_gazebo_sensors/action/detail
-- Installing: /home/snape/rt_2/actions/install/bme_gazebo_sensors/include/bme_gazebo_sensors/bme_gazebo_sensors/action/detail/move_action__type_support.cpp
-- Installing: /home/snape/rt_2/actions/install/bme_gazebo_sensors/include/bme_gazebo_sensors/bme_gazebo_sensors/action/detail/move_action__rosidl_typesupport_introspection_cpp.hpp
-- Installing: /home/snape/rt_2/actions/install/bme_gazebo_sensors/lib/libbme_gazebo_sensors__rosidl_typesupport_introspection_cpp.so
-- Set runtime path of "/home/snape/rt_2/actions/install/bme_gazebo_sensors/lib/libbme_gazebo_sensors__rosidl_typesupport_introspection_cpp.so" to ""
-- Installing: /home/snape/rt_2/actions/install/bme_gazebo_sensors/lib/libbme_gazebo_sensors__rosidl_typesupport_cpp.so
-- Set runtime path of "/home/snape/rt_2/actions/install/bme_gazebo_sensors/lib/libbme_gazebo_sensors__rosidl_typesupport_cpp.so" to ""
-- Up-to-date: /home/snape/rt_2/actions/install/bme_gazebo_sensors/share/bme_gazebo_sensors/environment/pythonpath.sh
-- Installing: /home/snape/rt_2/actions/install/bme_gazebo_sensors/share/bme_gazebo_sensors/environment/pythonpath.dsv
-- Up-to-date: /home/snape/rt_2/actions/install/bme_gazebo_sensors/local/lib/python3.10/dist-packages/bme_gazebo_sensors-1.0.0-py3.10.egg-info
-- Installing: /home/snape/rt_2/actions/install/bme_gazebo_sensors/local/lib/python3.10/dist-packages/bme_gazebo_sensors-1.0.0-py3.10.egg-info/top_level.txt
-- Installing: /home/snape/rt_2/actions/install/bme_gazebo_sensors/local/lib/python3.10/dist-packages/bme_gazebo_sensors-1.0.0-py3.10.egg-info/SOURCES.txt
-- Installing: /home/snape/rt_2/actions/install/bme_gazebo_sensors/local/lib/python3.10/dist-packages/bme_gazebo_sensors-1.0.0-py3.10.egg-info/PKG-INFO
-- Installing: /home/snape/rt_2/actions/install/bme_gazebo_sensors/local/lib/python3.10/dist-packages/bme_gazebo_sensors-1.0.0-py3.10.egg-info/dependency_links.txt
-- Up-to-date: /home/snape/rt_2/actions/install/bme_gazebo_sensors/local/lib/python3.10/dist-packages/bme_gazebo_sensors
-- Installing: /home/snape/rt_2/actions/install/bme_gazebo_sensors/local/lib/python3.10/dist-packages/bme_gazebo_sensors/bme_gazebo_sensors_s__rosidl_typesupport_c.cpython-310-x86_64-linux-gnu.so
-- Installing: /home/snape/rt_2/actions/install/bme_gazebo_sensors/local/lib/python3.10/dist-packages/bme_gazebo_sensors/bme_gazebo_sensors_s__rosidl_typesupport_introspection_c.cpython-310-x86_64-linux-gnu.so
-- Installing: /home/snape/rt_2/actions/install/bme_gazebo_sensors/local/lib/python3.10/dist-packages/bme_gazebo_sensors/bme_gazebo_sensors_s__rosidl_typesupport_fastrtps_c.cpython-310-x86_64-linux-gnu.so
-- Installing: /home/snape/rt_2/actions/install/bme_gazebo_sensors/local/lib/python3.10/dist-packages/bme_gazebo_sensors/__init__.py
-- Installing: /home/snape/rt_2/actions/install/bme_gazebo_sensors/local/lib/python3.10/dist-packages/bme_gazebo_sensors/_bme_gazebo_sensors_s.ep.rosidl_typesupport_c.c
-- Installing: /home/snape/rt_2/actions/install/bme_gazebo_sensors/local/lib/python3.10/dist-packages/bme_gazebo_sensors/_bme_gazebo_sensors_s.ep.rosidl_typesupport_fastrtps_c.c
-- Up-to-date: /home/snape/rt_2/actions/install/bme_gazebo_sensors/local/lib/python3.10/dist-packages/bme_gazebo_sensors/action
-- Installing: /home/snape/rt_2/actions/install/bme_gazebo_sensors/local/lib/python3.10/dist-packages/bme_gazebo_sensors/action/_move_action_s.c
-- Installing: /home/snape/rt_2/actions/install/bme_gazebo_sensors/local/lib/python3.10/dist-packages/bme_gazebo_sensors/action/__init__.py
-- Installing: /home/snape/rt_2/actions/install/bme_gazebo_sensors/local/lib/python3.10/dist-packages/bme_gazebo_sensors/action/_move_action.py
-- Installing: /home/snape/rt_2/actions/install/bme_gazebo_sensors/local/lib/python3.10/dist-packages/bme_gazebo_sensors/libbme_gazebo_sensors__rosidl_generator_py.so
-- Installing: /home/snape/rt_2/actions/install/bme_gazebo_sensors/local/lib/python3.10/dist-packages/bme_gazebo_sensors/_bme_gazebo_sensors_s.ep.rosidl_typesupport_introspection_c.c
Listing '/home/snape/rt_2/actions/install/bme_gazebo_sensors/local/lib/python3.10/dist-packages/bme_gazebo_sensors'...
Compiling '/home/snape/rt_2/actions/install/bme_gazebo_sensors/local/lib/python3.10/dist-packages/bme_gazebo_sensors/__init__.py'...
Listing '/home/snape/rt_2/actions/install/bme_gazebo_sensors/local/lib/python3.10/dist-packages/bme_gazebo_sensors/action'...
Compiling '/home/snape/rt_2/actions/install/bme_gazebo_sensors/local/lib/python3.10/dist-packages/bme_gazebo_sensors/action/__init__.py'...
Compiling '/home/snape/rt_2/actions/install/bme_gazebo_sensors/local/lib/python3.10/dist-packages/bme_gazebo_sensors/action/_move_action.py'...
-- Installing: /home/snape/rt_2/actions/install/bme_gazebo_sensors/local/lib/python3.10/dist-packages/bme_gazebo_sensors/bme_gazebo_sensors_s__rosidl_typesupport_fastrtps_c.cpython-310-x86_64-linux-gnu.so
-- Set runtime path of "/home/snape/rt_2/actions/install/bme_gazebo_sensors/local/lib/python3.10/dist-packages/bme_gazebo_sensors/bme_gazebo_sensors_s__rosidl_typesupport_fastrtps_c.cpython-310-x86_64-linux-gnu.so" to ""
-- Installing: /home/snape/rt_2/actions/install/bme_gazebo_sensors/local/lib/python3.10/dist-packages/bme_gazebo_sensors/bme_gazebo_sensors_s__rosidl_typesupport_introspection_c.cpython-310-x86_64-linux-gnu.so
-- Set runtime path of "/home/snape/rt_2/actions/install/bme_gazebo_sensors/local/lib/python3.10/dist-packages/bme_gazebo_sensors/bme_gazebo_sensors_s__rosidl_typesupport_introspection_c.cpython-310-x86_64-linux-gnu.so" to ""
-- Installing: /home/snape/rt_2/actions/install/bme_gazebo_sensors/local/lib/python3.10/dist-packages/bme_gazebo_sensors/bme_gazebo_sensors_s__rosidl_typesupport_c.cpython-310-x86_64-linux-gnu.so
-- Set runtime path of "/home/snape/rt_2/actions/install/bme_gazebo_sensors/local/lib/python3.10/dist-packages/bme_gazebo_sensors/bme_gazebo_sensors_s__rosidl_typesupport_c.cpython-310-x86_64-linux-gnu.so" to ""
-- Installing: /home/snape/rt_2/actions/install/bme_gazebo_sensors/lib/libbme_gazebo_sensors__rosidl_generator_py.so
-- Set runtime path of "/home/snape/rt_2/actions/install/bme_gazebo_sensors/lib/libbme_gazebo_sensors__rosidl_generator_py.so" to ""
-- Installing: /home/snape/rt_2/actions/install/bme_gazebo_sensors/share/bme_gazebo_sensors/action/MoveAction.idl
-- Installing: /home/snape/rt_2/actions/install/bme_gazebo_sensors/share/bme_gazebo_sensors/action/MoveAction.action
-- Up-to-date: /home/snape/rt_2/actions/install/bme_gazebo_sensors/share/bme_gazebo_sensors/launch
-- Up-to-date: /home/snape/rt_2/actions/install/bme_gazebo_sensors/share/bme_gazebo_sensors/launch/spawn_robot_ex.launch.py
-- Up-to-date: /home/snape/rt_2/actions/install/bme_gazebo_sensors/share/bme_gazebo_sensors/launch/world.launch.py
-- Up-to-date: /home/snape/rt_2/actions/install/bme_gazebo_sensors/share/bme_gazebo_sensors/launch/spawn_robot.launch.py
-- Up-to-date: /home/snape/rt_2/actions/install/bme_gazebo_sensors/share/bme_gazebo_sensors/worlds
-- Up-to-date: /home/snape/rt_2/actions/install/bme_gazebo_sensors/share/bme_gazebo_sensors/worlds/home.sdf
-- Up-to-date: /home/snape/rt_2/actions/install/bme_gazebo_sensors/share/bme_gazebo_sensors/worlds/my.sdf
-- Up-to-date: /home/snape/rt_2/actions/install/bme_gazebo_sensors/share/bme_gazebo_sensors/worlds/world.sdf
-- Up-to-date: /home/snape/rt_2/actions/install/bme_gazebo_sensors/share/bme_gazebo_sensors/worlds/world_empty.sdf
-- Up-to-date: /home/snape/rt_2/actions/install/bme_gazebo_sensors/share/bme_gazebo_sensors/worlds/my_world.sdf
-- Up-to-date: /home/snape/rt_2/actions/install/bme_gazebo_sensors/share/bme_gazebo_sensors/rviz
-- Up-to-date: /home/snape/rt_2/actions/install/bme_gazebo_sensors/share/bme_gazebo_sensors/rviz/gps.rviz
-- Up-to-date: /home/snape/rt_2/actions/install/bme_gazebo_sensors/share/bme_gazebo_sensors/rviz/urdf.rviz
-- Up-to-date: /home/snape/rt_2/actions/install/bme_gazebo_sensors/share/bme_gazebo_sensors/rviz/rviz.rviz
-- Up-to-date: /home/snape/rt_2/actions/install/bme_gazebo_sensors/share/bme_gazebo_sensors/urdf
-- Up-to-date: /home/snape/rt_2/actions/install/bme_gazebo_sensors/share/bme_gazebo_sensors/urdf/mogi_bot.gazebo
-- Up-to-date: /home/snape/rt_2/actions/install/bme_gazebo_sensors/share/bme_gazebo_sensors/urdf/materials.xacro
-- Up-to-date: /home/snape/rt_2/actions/install/bme_gazebo_sensors/share/bme_gazebo_sensors/urdf/mogi_bot.urdf
-- Up-to-date: /home/snape/rt_2/actions/install/bme_gazebo_sensors/share/bme_gazebo_sensors/meshes
-- Up-to-date: /home/snape/rt_2/actions/install/bme_gazebo_sensors/share/bme_gazebo_sensors/meshes/lidar.dae
-- Up-to-date: /home/snape/rt_2/actions/install/bme_gazebo_sensors/share/bme_gazebo_sensors/meshes/mogi_bot.dae
-- Up-to-date: /home/snape/rt_2/actions/install/bme_gazebo_sensors/share/bme_gazebo_sensors/meshes/wheel.dae
-- Up-to-date: /home/snape/rt_2/actions/install/bme_gazebo_sensors/share/bme_gazebo_sensors/config
-- Up-to-date: /home/snape/rt_2/actions/install/bme_gazebo_sensors/share/bme_gazebo_sensors/config/ekf.yaml
-- Installing: /home/snape/rt_2/actions/install/bme_gazebo_sensors/lib/bme_gazebo_sensors/a_client.py
-- Up-to-date: /home/snape/rt_2/actions/install/bme_gazebo_sensors/lib/bme_gazebo_sensors/a_server.py
-- Up-to-date: /home/snape/rt_2/actions/install/bme_gazebo_sensors/share/ament_index/resource_index/package_run_dependencies/bme_gazebo_sensors
-- Up-to-date: /home/snape/rt_2/actions/install/bme_gazebo_sensors/share/ament_index/resource_index/parent_prefix_path/bme_gazebo_sensors
-- Up-to-date: /home/snape/rt_2/actions/install/bme_gazebo_sensors/share/bme_gazebo_sensors/environment/ament_prefix_path.sh
-- Installing: /home/snape/rt_2/actions/install/bme_gazebo_sensors/share/bme_gazebo_sensors/environment/ament_prefix_path.dsv
-- Up-to-date: /home/snape/rt_2/actions/install/bme_gazebo_sensors/share/bme_gazebo_sensors/environment/path.sh
-- Installing: /home/snape/rt_2/actions/install/bme_gazebo_sensors/share/bme_gazebo_sensors/environment/path.dsv
-- Up-to-date: /home/snape/rt_2/actions/install/bme_gazebo_sensors/share/bme_gazebo_sensors/local_setup.bash
-- Up-to-date: /home/snape/rt_2/actions/install/bme_gazebo_sensors/share/bme_gazebo_sensors/local_setup.sh
-- Up-to-date: /home/snape/rt_2/actions/install/bme_gazebo_sensors/share/bme_gazebo_sensors/local_setup.zsh
-- Installing: /home/snape/rt_2/actions/install/bme_gazebo_sensors/share/bme_gazebo_sensors/local_setup.dsv
-- Installing: /home/snape/rt_2/actions/install/bme_gazebo_sensors/share/bme_gazebo_sensors/package.dsv
-- Up-to-date: /home/snape/rt_2/actions/install/bme_gazebo_sensors/share/ament_index/resource_index/packages/bme_gazebo_sensors
-- Up-to-date: /home/snape/rt_2/actions/install/bme_gazebo_sensors/share/bme_gazebo_sensors/cmake/export_bme_gazebo_sensors__rosidl_generator_cExport.cmake
-- Up-to-date: /home/snape/rt_2/actions/install/bme_gazebo_sensors/share/bme_gazebo_sensors/cmake/export_bme_gazebo_sensors__rosidl_generator_cExport-noconfig.cmake
-- Up-to-date: /home/snape/rt_2/actions/install/bme_gazebo_sensors/share/bme_gazebo_sensors/cmake/export_bme_gazebo_sensors__rosidl_typesupport_fastrtps_cExport.cmake
-- Up-to-date: /home/snape/rt_2/actions/install/bme_gazebo_sensors/share/bme_gazebo_sensors/cmake/export_bme_gazebo_sensors__rosidl_typesupport_fastrtps_cExport-noconfig.cmake
-- Up-to-date: /home/snape/rt_2/actions/install/bme_gazebo_sensors/share/bme_gazebo_sensors/cmake/bme_gazebo_sensors__rosidl_typesupport_introspection_cExport.cmake
-- Up-to-date: /home/snape/rt_2/actions/install/bme_gazebo_sensors/share/bme_gazebo_sensors/cmake/bme_gazebo_sensors__rosidl_typesupport_introspection_cExport-noconfig.cmake
-- Up-to-date: /home/snape/rt_2/actions/install/bme_gazebo_sensors/share/bme_gazebo_sensors/cmake/bme_gazebo_sensors__rosidl_typesupport_cExport.cmake
-- Up-to-date: /home/snape/rt_2/actions/install/bme_gazebo_sensors/share/bme_gazebo_sensors/cmake/bme_gazebo_sensors__rosidl_typesupport_cExport-noconfig.cmake
-- Up-to-date: /home/snape/rt_2/actions/install/bme_gazebo_sensors/share/bme_gazebo_sensors/cmake/export_bme_gazebo_sensors__rosidl_generator_cppExport.cmake
-- Up-to-date: /home/snape/rt_2/actions/install/bme_gazebo_sensors/share/bme_gazebo_sensors/cmake/export_bme_gazebo_sensors__rosidl_typesupport_fastrtps_cppExport.cmake
-- Up-to-date: /home/snape/rt_2/actions/install/bme_gazebo_sensors/share/bme_gazebo_sensors/cmake/export_bme_gazebo_sensors__rosidl_typesupport_fastrtps_cppExport-noconfig.cmake
-- Up-to-date: /home/snape/rt_2/actions/install/bme_gazebo_sensors/share/bme_gazebo_sensors/cmake/bme_gazebo_sensors__rosidl_typesupport_introspection_cppExport.cmake
-- Up-to-date: /home/snape/rt_2/actions/install/bme_gazebo_sensors/share/bme_gazebo_sensors/cmake/bme_gazebo_sensors__rosidl_typesupport_introspection_cppExport-noconfig.cmake
-- Up-to-date: /home/snape/rt_2/actions/install/bme_gazebo_sensors/share/bme_gazebo_sensors/cmake/bme_gazebo_sensors__rosidl_typesupport_cppExport.cmake
-- Up-to-date: /home/snape/rt_2/actions/install/bme_gazebo_sensors/share/bme_gazebo_sensors/cmake/bme_gazebo_sensors__rosidl_typesupport_cppExport-noconfig.cmake
-- Up-to-date: /home/snape/rt_2/actions/install/bme_gazebo_sensors/share/bme_gazebo_sensors/cmake/export_bme_gazebo_sensors__rosidl_generator_pyExport.cmake
-- Up-to-date: /home/snape/rt_2/actions/install/bme_gazebo_sensors/share/bme_gazebo_sensors/cmake/export_bme_gazebo_sensors__rosidl_generator_pyExport-noconfig.cmake
-- Up-to-date: /home/snape/rt_2/actions/install/bme_gazebo_sensors/share/bme_gazebo_sensors/cmake/rosidl_cmake-extras.cmake
-- Up-to-date: /home/snape/rt_2/actions/install/bme_gazebo_sensors/share/bme_gazebo_sensors/cmake/ament_cmake_export_dependencies-extras.cmake
-- Up-to-date: /home/snape/rt_2/actions/install/bme_gazebo_sensors/share/bme_gazebo_sensors/cmake/ament_cmake_export_include_directories-extras.cmake
-- Up-to-date: /home/snape/rt_2/actions/install/bme_gazebo_sensors/share/bme_gazebo_sensors/cmake/ament_cmake_export_libraries-extras.cmake
-- Up-to-date: /home/snape/rt_2/actions/install/bme_gazebo_sensors/share/bme_gazebo_sensors/cmake/ament_cmake_export_targets-extras.cmake
-- Up-to-date: /home/snape/rt_2/actions/install/bme_gazebo_sensors/share/bme_gazebo_sensors/cmake/rosidl_cmake_export_typesupport_targets-extras.cmake
-- Up-to-date: /home/snape/rt_2/actions/install/bme_gazebo_sensors/share/bme_gazebo_sensors/cmake/rosidl_cmake_export_typesupport_libraries-extras.cmake
-- Up-to-date: /home/snape/rt_2/actions/install/bme_gazebo_sensors/share/bme_gazebo_sensors/cmake/bme_gazebo_sensorsConfig.cmake
-- Up-to-date: /home/snape/rt_2/actions/install/bme_gazebo_sensors/share/bme_gazebo_sensors/cmake/bme_gazebo_sensorsConfig-version.cmake
-- Up-to-date: /home/snape/rt_2/actions/install/bme_gazebo_sensors/share/bme_gazebo_sensors/package.xml
