[0.025s] Invoking command in '/home/snape/rt_2/actions/build/bme_gazebo_sensors': CMAKE_PREFIX_PATH=${CMAKE_PREFIX_PATH}:/opt/ros/humble /usr/bin/cmake --build /home/snape/rt_2/actions/build/bme_gazebo_sensors -- -j16 -l16
[0.074s] -- Found ament_cmake: 1.3.13 (/opt/ros/humble/share/ament_cmake/cmake)
[0.335s] -- Found rosidl_default_generators: 1.2.0 (/opt/ros/humble/share/rosidl_default_generators/cmake)
[0.341s] -- Using all available rosidl_typesupport_c: rosidl_typesupport_fastrtps_c;rosidl_typesupport_introspection_c
[0.351s] -- Found rosidl_adapter: 3.1.8 (/opt/ros/humble/share/rosidl_adapter/cmake)
[0.630s] -- Using all available rosidl_typesupport_cpp: rosidl_typesupport_fastrtps_cpp;rosidl_typesupport_introspection_cpp
[0.693s] -- Found action_msgs: 1.2.2 (/opt/ros/humble/share/action_msgs/cmake)
[0.778s] -- Found geometry_msgs: 4.9.1 (/opt/ros/humble/share/geometry_msgs/cmake)
[0.846s] -- Found nav_msgs: 4.9.1 (/opt/ros/humble/share/nav_msgs/cmake)
[1.306s] -- Found ament_cmake_ros: 0.10.0 (/opt/ros/humble/share/ament_cmake_ros/cmake)
[1.609s] -- Using all available rosidl_typesupport_c: rosidl_typesupport_fastrtps_c;rosidl_typesupport_introspection_c
[2.002s] -- Using all available rosidl_typesupport_cpp: rosidl_typesupport_fastrtps_cpp;rosidl_typesupport_introspection_cpp
[2.043s] -- Found python_cmake_module: 0.10.0 (/opt/ros/humble/share/python_cmake_module/cmake)
[2.090s] -- Using PYTHON_EXECUTABLE: /usr/bin/python3
[2.090s] -- Using PYTHON_INCLUDE_DIRS: /usr/include/python3.10
[2.090s] -- Using PYTHON_LIBRARIES: /usr/lib/x86_64-linux-gnu/libpython3.10.so
[2.115s] -- Found ament_lint_auto: 0.12.15 (/opt/ros/humble/share/ament_lint_auto/cmake)
[2.162s] -- Added test 'flake8' to check Python code syntax and style conventions
[2.164s] -- Added test 'lint_cmake' to check CMake code style
[2.165s] -- Added test 'pep257' to check Python code against some of the docstring style conventions in PEP 257
[2.171s] -- Added test 'xmllint' to check XML markup files
[2.179s] -- Configuring done
[2.248s] -- Generating done
[2.270s] -- Build files have been written to: /home/snape/rt_2/actions/build/bme_gazebo_sensors
[2.338s] [  3%] [34m[1mGenerating C++ code for ROS interfaces[0m
[3.154s] [  3%] Built target bme_gazebo_sensors__cpp
[3.199s] [  3%] Built target ament_cmake_python_copy_bme_gazebo_sensors
[3.224s] [  6%] [34m[1mGenerating C++ introspection for ROS interfaces[0m
[3.800s] [35m[1mConsolidate compiler generated dependencies of target bme_gazebo_sensors__rosidl_typesupport_introspection_cpp[0m
[3.824s] [  9%] [32mBuilding CXX object CMakeFiles/bme_gazebo_sensors__rosidl_typesupport_introspection_cpp.dir/rosidl_typesupport_introspection_cpp/bme_gazebo_sensors/action/detail/move_action__type_support.cpp.o[0m
[5.045s] [ 12%] [32m[1mLinking CXX shared library libbme_gazebo_sensors__rosidl_typesupport_introspection_cpp.so[0m
[5.279s] [ 12%] Built target bme_gazebo_sensors__rosidl_typesupport_introspection_cpp
[5.733s] running egg_info
[5.734s] writing bme_gazebo_sensors.egg-info/PKG-INFO
[5.734s] writing dependency_links to bme_gazebo_sensors.egg-info/dependency_links.txt
[5.735s] writing top-level names to bme_gazebo_sensors.egg-info/top_level.txt
[5.742s] reading manifest file 'bme_gazebo_sensors.egg-info/SOURCES.txt'
[5.742s] writing manifest file 'bme_gazebo_sensors.egg-info/SOURCES.txt'
[5.781s] [ 12%] Built target ament_cmake_python_build_bme_gazebo_sensors_egg
[5.798s] [ 16%] [34m[1mGenerating C++ type support for eProsima Fast-RTPS[0m
[6.468s] [35m[1mConsolidate compiler generated dependencies of target bme_gazebo_sensors__rosidl_typesupport_fastrtps_cpp[0m
[6.496s] [ 19%] [32mBuilding CXX object CMakeFiles/bme_gazebo_sensors__rosidl_typesupport_fastrtps_cpp.dir/rosidl_typesupport_fastrtps_cpp/bme_gazebo_sensors/action/detail/dds_fastrtps/move_action__type_support.cpp.o[0m
[7.444s] [ 22%] [32m[1mLinking CXX shared library libbme_gazebo_sensors__rosidl_typesupport_fastrtps_cpp.so[0m
[7.664s] [ 22%] Built target bme_gazebo_sensors__rosidl_typesupport_fastrtps_cpp
[7.680s] [ 25%] [34m[1mGenerating C++ type support dispatch for ROS interfaces[0m
[8.170s] [35m[1mConsolidate compiler generated dependencies of target bme_gazebo_sensors__rosidl_typesupport_cpp[0m
[8.191s] [ 29%] [32mBuilding CXX object CMakeFiles/bme_gazebo_sensors__rosidl_typesupport_cpp.dir/rosidl_typesupport_cpp/bme_gazebo_sensors/action/move_action__type_support.cpp.o[0m
[8.896s] [ 32%] [32m[1mLinking CXX shared library libbme_gazebo_sensors__rosidl_typesupport_cpp.so[0m
[9.065s] [ 32%] Built target bme_gazebo_sensors__rosidl_typesupport_cpp
[9.082s] [ 35%] [34m[1mGenerating C code for ROS interfaces[0m
[9.875s] [35m[1mConsolidate compiler generated dependencies of target bme_gazebo_sensors__rosidl_generator_c[0m
[9.892s] [ 38%] [32mBuilding C object CMakeFiles/bme_gazebo_sensors__rosidl_generator_c.dir/rosidl_generator_c/bme_gazebo_sensors/action/detail/move_action__functions.c.o[0m
[10.146s] [ 41%] [32m[1mLinking C shared library libbme_gazebo_sensors__rosidl_generator_c.so[0m
[10.318s] [ 41%] Built target bme_gazebo_sensors__rosidl_generator_c
[10.333s] [ 45%] [34m[1mGenerating C type support for eProsima Fast-RTPS[0m
[10.988s] [35m[1mConsolidate compiler generated dependencies of target bme_gazebo_sensors__rosidl_typesupport_fastrtps_c[0m
[11.008s] [ 48%] [32mBuilding CXX object CMakeFiles/bme_gazebo_sensors__rosidl_typesupport_fastrtps_c.dir/rosidl_typesupport_fastrtps_c/bme_gazebo_sensors/action/detail/move_action__type_support_c.cpp.o[0m
[11.640s] [ 51%] [32m[1mLinking CXX shared library libbme_gazebo_sensors__rosidl_typesupport_fastrtps_c.so[0m
[11.877s] [ 51%] Built target bme_gazebo_sensors__rosidl_typesupport_fastrtps_c
[11.900s] [ 54%] [34m[1mGenerating C type support dispatch for ROS interfaces[0m
[12.381s] [35m[1mConsolidate compiler generated dependencies of target bme_gazebo_sensors__rosidl_typesupport_c[0m
[12.402s] [ 58%] [32mBuilding CXX object CMakeFiles/bme_gazebo_sensors__rosidl_typesupport_c.dir/rosidl_typesupport_c/bme_gazebo_sensors/action/move_action__type_support.cpp.o[0m
[12.481s] [ 61%] [32m[1mLinking CXX shared library libbme_gazebo_sensors__rosidl_typesupport_c.so[0m
[12.651s] [ 61%] Built target bme_gazebo_sensors__rosidl_typesupport_c
[12.673s] [ 64%] [34m[1mGenerating C introspection for ROS interfaces[0m
[13.314s] [35m[1mConsolidate compiler generated dependencies of target bme_gazebo_sensors__rosidl_typesupport_introspection_c[0m
[13.335s] [ 67%] [32mBuilding C object CMakeFiles/bme_gazebo_sensors__rosidl_typesupport_introspection_c.dir/rosidl_typesupport_introspection_c/bme_gazebo_sensors/action/detail/move_action__type_support.c.o[0m
[13.417s] [ 70%] [32m[1mLinking C shared library libbme_gazebo_sensors__rosidl_typesupport_introspection_c.so[0m
[13.575s] [ 70%] Built target bme_gazebo_sensors__rosidl_typesupport_introspection_c
[13.606s] [ 70%] Built target bme_gazebo_sensors
[13.648s] [ 74%] [34m[1mGenerating Python code for ROS interfaces[0m
[14.992s] [ 74%] Built target bme_gazebo_sensors__py
[15.007s] [35m[1mConsolidate compiler generated dependencies of target bme_gazebo_sensors__rosidl_generator_py[0m
[15.030s] [ 77%] [32mBuilding C object CMakeFiles/bme_gazebo_sensors__rosidl_generator_py.dir/rosidl_generator_py/bme_gazebo_sensors/action/_move_action_s.c.o[0m
[15.341s] [ 80%] [32m[1mLinking C shared library rosidl_generator_py/bme_gazebo_sensors/libbme_gazebo_sensors__rosidl_generator_py.so[0m
[15.531s] [ 80%] Built target bme_gazebo_sensors__rosidl_generator_py
[15.547s] [35m[1mConsolidate compiler generated dependencies of target bme_gazebo_sensors__rosidl_typesupport_fastrtps_c__pyext[0m
[15.568s] [ 83%] [32mBuilding C object CMakeFiles/bme_gazebo_sensors__rosidl_typesupport_fastrtps_c__pyext.dir/rosidl_generator_py/bme_gazebo_sensors/_bme_gazebo_sensors_s.ep.rosidl_typesupport_fastrtps_c.c.o[0m
[15.762s] [ 87%] [32m[1mLinking C shared library rosidl_generator_py/bme_gazebo_sensors/bme_gazebo_sensors_s__rosidl_typesupport_fastrtps_c.cpython-310-x86_64-linux-gnu.so[0m
[15.947s] [ 87%] Built target bme_gazebo_sensors__rosidl_typesupport_fastrtps_c__pyext
[15.963s] [35m[1mConsolidate compiler generated dependencies of target bme_gazebo_sensors__rosidl_typesupport_c__pyext[0m
[15.986s] [ 90%] [32mBuilding C object CMakeFiles/bme_gazebo_sensors__rosidl_typesupport_c__pyext.dir/rosidl_generator_py/bme_gazebo_sensors/_bme_gazebo_sensors_s.ep.rosidl_typesupport_c.c.o[0m
[16.183s] [ 93%] [32m[1mLinking C shared library rosidl_generator_py/bme_gazebo_sensors/bme_gazebo_sensors_s__rosidl_typesupport_c.cpython-310-x86_64-linux-gnu.so[0m
[16.362s] [ 93%] Built target bme_gazebo_sensors__rosidl_typesupport_c__pyext
[16.377s] [35m[1mConsolidate compiler generated dependencies of target bme_gazebo_sensors__rosidl_typesupport_introspection_c__pyext[0m
[16.398s] [ 96%] [32mBuilding C object CMakeFiles/bme_gazebo_sensors__rosidl_typesupport_introspection_c__pyext.dir/rosidl_generator_py/bme_gazebo_sensors/_bme_gazebo_sensors_s.ep.rosidl_typesupport_introspection_c.c.o[0m
[16.584s] [100%] [32m[1mLinking C shared library rosidl_generator_py/bme_gazebo_sensors/bme_gazebo_sensors_s__rosidl_typesupport_introspection_c.cpython-310-x86_64-linux-gnu.so[0m
[16.780s] [100%] Built target bme_gazebo_sensors__rosidl_typesupport_introspection_c__pyext
[16.800s] Invoked command in '/home/snape/rt_2/actions/build/bme_gazebo_sensors' returned '0': CMAKE_PREFIX_PATH=${CMAKE_PREFIX_PATH}:/opt/ros/humble /usr/bin/cmake --build /home/snape/rt_2/actions/build/bme_gazebo_sensors -- -j16 -l16
[16.817s] Invoking command in '/home/snape/rt_2/actions/build/bme_gazebo_sensors': CMAKE_PREFIX_PATH=${CMAKE_PREFIX_PATH}:/opt/ros/humble /usr/bin/cmake --install /home/snape/rt_2/actions/build/bme_gazebo_sensors
[16.829s] -- Install configuration: ""
[16.830s] -- Up-to-date: /home/snape/rt_2/actions/install/bme_gazebo_sensors/share/ament_index/resource_index/rosidl_interfaces/bme_gazebo_sensors
[16.830s] -- Up-to-date: /home/snape/rt_2/actions/install/bme_gazebo_sensors/include/bme_gazebo_sensors/bme_gazebo_sensors
[16.830s] -- Up-to-date: /home/snape/rt_2/actions/install/bme_gazebo_sensors/include/bme_gazebo_sensors/bme_gazebo_sensors/msg
[16.830s] -- Up-to-date: /home/snape/rt_2/actions/install/bme_gazebo_sensors/include/bme_gazebo_sensors/bme_gazebo_sensors/msg/rosidl_generator_c__visibility_control.h
[16.830s] -- Up-to-date: /home/snape/rt_2/actions/install/bme_gazebo_sensors/include/bme_gazebo_sensors/bme_gazebo_sensors/action
[16.830s] -- Installing: /home/snape/rt_2/actions/install/bme_gazebo_sensors/include/bme_gazebo_sensors/bme_gazebo_sensors/action/move_action.h
[16.830s] -- Up-to-date: /home/snape/rt_2/actions/install/bme_gazebo_sensors/include/bme_gazebo_sensors/bme_gazebo_sensors/action/detail
[16.830s] -- Installing: /home/snape/rt_2/actions/install/bme_gazebo_sensors/include/bme_gazebo_sensors/bme_gazebo_sensors/action/detail/move_action__functions.c
[16.831s] -- Installing: /home/snape/rt_2/actions/install/bme_gazebo_sensors/include/bme_gazebo_sensors/bme_gazebo_sensors/action/detail/move_action__functions.h
[16.831s] -- Installing: /home/snape/rt_2/actions/install/bme_gazebo_sensors/include/bme_gazebo_sensors/bme_gazebo_sensors/action/detail/move_action__type_support.h
[16.831s] -- Installing: /home/snape/rt_2/actions/install/bme_gazebo_sensors/include/bme_gazebo_sensors/bme_gazebo_sensors/action/detail/move_action__struct.h
[16.832s] -- Up-to-date: /home/snape/rt_2/actions/install/bme_gazebo_sensors/share/bme_gazebo_sensors/environment/library_path.sh
[16.832s] -- Installing: /home/snape/rt_2/actions/install/bme_gazebo_sensors/share/bme_gazebo_sensors/environment/library_path.dsv
[16.832s] -- Installing: /home/snape/rt_2/actions/install/bme_gazebo_sensors/lib/libbme_gazebo_sensors__rosidl_generator_c.so
[16.833s] -- Set runtime path of "/home/snape/rt_2/actions/install/bme_gazebo_sensors/lib/libbme_gazebo_sensors__rosidl_generator_c.so" to ""
[16.834s] -- Up-to-date: /home/snape/rt_2/actions/install/bme_gazebo_sensors/include/bme_gazebo_sensors/bme_gazebo_sensors
[16.834s] -- Up-to-date: /home/snape/rt_2/actions/install/bme_gazebo_sensors/include/bme_gazebo_sensors/bme_gazebo_sensors/msg
[16.834s] -- Up-to-date: /home/snape/rt_2/actions/install/bme_gazebo_sensors/include/bme_gazebo_sensors/bme_gazebo_sensors/msg/rosidl_typesupport_fastrtps_c__visibility_control.h
[16.834s] -- Up-to-date: /home/snape/rt_2/actions/install/bme_gazebo_sensors/include/bme_gazebo_sensors/bme_gazebo_sensors/action
[16.834s] -- Up-to-date: /home/snape/rt_2/actions/install/bme_gazebo_sensors/include/bme_gazebo_sensors/bme_gazebo_sensors/action/detail
[16.834s] -- Installing: /home/snape/rt_2/actions/install/bme_gazebo_sensors/include/bme_gazebo_sensors/bme_gazebo_sensors/action/detail/move_action__rosidl_typesupport_fastrtps_c.h
[16.834s] -- Installing: /home/snape/rt_2/actions/install/bme_gazebo_sensors/lib/libbme_gazebo_sensors__rosidl_typesupport_fastrtps_c.so
[16.835s] -- Set runtime path of "/home/snape/rt_2/actions/install/bme_gazebo_sensors/lib/libbme_gazebo_sensors__rosidl_typesupport_fastrtps_c.so" to ""
[16.835s] -- Up-to-date: /home/snape/rt_2/actions/install/bme_gazebo_sensors/include/bme_gazebo_sensors/bme_gazebo_sensors
[16.835s] -- Up-to-date: /home/snape/rt_2/actions/install/bme_gazebo_sensors/include/bme_gazebo_sensors/bme_gazebo_sensors/msg
[16.835s] -- Up-to-date: /home/snape/rt_2/actions/install/bme_gazebo_sensors/include/bme_gazebo_sensors/bme_gazebo_sensors/msg/rosidl_typesupport_introspection_c__visibility_control.h
[16.835s] -- Up-to-date: /home/snape/rt_2/actions/install/bme_gazebo_sensors/include/bme_gazebo_sensors/bme_gazebo_sensors/action
[16.838s] -- Up-to-date: /home/snape/rt_2/actions/install/bme_gazebo_sensors/include/bme_gazebo_sensors/bme_gazebo_sensors/action/detail
[16.839s] -- Installing: /home/snape/rt_2/actions/install/bme_gazebo_sensors/include/bme_gazebo_sensors/bme_gazebo_sensors/action/detail/move_action__rosidl_typesupport_introspection_c.h
[16.839s] -- Installing: /home/snape/rt_2/actions/install/bme_gazebo_sensors/include/bme_gazebo_sensors/bme_gazebo_sensors/action/detail/move_action__type_support.c
[16.839s] -- Installing: /home/snape/rt_2/actions/install/bme_gazebo_sensors/lib/libbme_gazebo_sensors__rosidl_typesupport_introspection_c.so
[16.839s] -- Set runtime path of "/home/snape/rt_2/actions/install/bme_gazebo_sensors/lib/libbme_gazebo_sensors__rosidl_typesupport_introspection_c.so" to ""
[16.839s] -- Installing: /home/snape/rt_2/actions/install/bme_gazebo_sensors/lib/libbme_gazebo_sensors__rosidl_typesupport_c.so
[16.839s] -- Set runtime path of "/home/snape/rt_2/actions/install/bme_gazebo_sensors/lib/libbme_gazebo_sensors__rosidl_typesupport_c.so" to ""
[16.839s] -- Up-to-date: /home/snape/rt_2/actions/install/bme_gazebo_sensors/include/bme_gazebo_sensors/bme_gazebo_sensors
[16.839s] -- Up-to-date: /home/snape/rt_2/actions/install/bme_gazebo_sensors/include/bme_gazebo_sensors/bme_gazebo_sensors/msg
[16.839s] -- Up-to-date: /home/snape/rt_2/actions/install/bme_gazebo_sensors/include/bme_gazebo_sensors/bme_gazebo_sensors/msg/rosidl_generator_cpp__visibility_control.hpp
[16.839s] -- Up-to-date: /home/snape/rt_2/actions/install/bme_gazebo_sensors/include/bme_gazebo_sensors/bme_gazebo_sensors/action
[16.839s] -- Installing: /home/snape/rt_2/actions/install/bme_gazebo_sensors/include/bme_gazebo_sensors/bme_gazebo_sensors/action/move_action.hpp
[16.840s] -- Up-to-date: /home/snape/rt_2/actions/install/bme_gazebo_sensors/include/bme_gazebo_sensors/bme_gazebo_sensors/action/detail
[16.840s] -- Installing: /home/snape/rt_2/actions/install/bme_gazebo_sensors/include/bme_gazebo_sensors/bme_gazebo_sensors/action/detail/move_action__struct.hpp
[16.840s] -- Installing: /home/snape/rt_2/actions/install/bme_gazebo_sensors/include/bme_gazebo_sensors/bme_gazebo_sensors/action/detail/move_action__builder.hpp
[16.840s] -- Installing: /home/snape/rt_2/actions/install/bme_gazebo_sensors/include/bme_gazebo_sensors/bme_gazebo_sensors/action/detail/move_action__type_support.hpp
[16.840s] -- Installing: /home/snape/rt_2/actions/install/bme_gazebo_sensors/include/bme_gazebo_sensors/bme_gazebo_sensors/action/detail/move_action__traits.hpp
[16.840s] -- Up-to-date: /home/snape/rt_2/actions/install/bme_gazebo_sensors/include/bme_gazebo_sensors/bme_gazebo_sensors
[16.840s] -- Up-to-date: /home/snape/rt_2/actions/install/bme_gazebo_sensors/include/bme_gazebo_sensors/bme_gazebo_sensors/msg
[16.842s] -- Up-to-date: /home/snape/rt_2/actions/install/bme_gazebo_sensors/include/bme_gazebo_sensors/bme_gazebo_sensors/msg/rosidl_typesupport_fastrtps_cpp__visibility_control.h
[16.842s] -- Up-to-date: /home/snape/rt_2/actions/install/bme_gazebo_sensors/include/bme_gazebo_sensors/bme_gazebo_sensors/action
[16.842s] -- Up-to-date: /home/snape/rt_2/actions/install/bme_gazebo_sensors/include/bme_gazebo_sensors/bme_gazebo_sensors/action/detail
[16.842s] -- Up-to-date: /home/snape/rt_2/actions/install/bme_gazebo_sensors/include/bme_gazebo_sensors/bme_gazebo_sensors/action/detail/dds_fastrtps
[16.843s] -- Installing: /home/snape/rt_2/actions/install/bme_gazebo_sensors/include/bme_gazebo_sensors/bme_gazebo_sensors/action/detail/move_action__rosidl_typesupport_fastrtps_cpp.hpp
[16.843s] -- Installing: /home/snape/rt_2/actions/install/bme_gazebo_sensors/lib/libbme_gazebo_sensors__rosidl_typesupport_fastrtps_cpp.so
[16.843s] -- Set runtime path of "/home/snape/rt_2/actions/install/bme_gazebo_sensors/lib/libbme_gazebo_sensors__rosidl_typesupport_fastrtps_cpp.so" to ""
[16.843s] -- Up-to-date: /home/snape/rt_2/actions/install/bme_gazebo_sensors/include/bme_gazebo_sensors/bme_gazebo_sensors
[16.843s] -- Up-to-date: /home/snape/rt_2/actions/install/bme_gazebo_sensors/include/bme_gazebo_sensors/bme_gazebo_sensors/action
[16.843s] -- Up-to-date: /home/snape/rt_2/actions/install/bme_gazebo_sensors/include/bme_gazebo_sensors/bme_gazebo_sensors/action/detail
[16.843s] -- Installing: /home/snape/rt_2/actions/install/bme_gazebo_sensors/include/bme_gazebo_sensors/bme_gazebo_sensors/action/detail/move_action__type_support.cpp
[16.843s] -- Installing: /home/snape/rt_2/actions/install/bme_gazebo_sensors/include/bme_gazebo_sensors/bme_gazebo_sensors/action/detail/move_action__rosidl_typesupport_introspection_cpp.hpp
[16.844s] -- Installing: /home/snape/rt_2/actions/install/bme_gazebo_sensors/lib/libbme_gazebo_sensors__rosidl_typesupport_introspection_cpp.so
[16.844s] -- Set runtime path of "/home/snape/rt_2/actions/install/bme_gazebo_sensors/lib/libbme_gazebo_sensors__rosidl_typesupport_introspection_cpp.so" to ""
[16.844s] -- Installing: /home/snape/rt_2/actions/install/bme_gazebo_sensors/lib/libbme_gazebo_sensors__rosidl_typesupport_cpp.so
[16.844s] -- Set runtime path of "/home/snape/rt_2/actions/install/bme_gazebo_sensors/lib/libbme_gazebo_sensors__rosidl_typesupport_cpp.so" to ""
[16.844s] -- Up-to-date: /home/snape/rt_2/actions/install/bme_gazebo_sensors/share/bme_gazebo_sensors/environment/pythonpath.sh
[16.844s] -- Installing: /home/snape/rt_2/actions/install/bme_gazebo_sensors/share/bme_gazebo_sensors/environment/pythonpath.dsv
[16.844s] -- Up-to-date: /home/snape/rt_2/actions/install/bme_gazebo_sensors/local/lib/python3.10/dist-packages/bme_gazebo_sensors-1.0.0-py3.10.egg-info
[16.844s] -- Installing: /home/snape/rt_2/actions/install/bme_gazebo_sensors/local/lib/python3.10/dist-packages/bme_gazebo_sensors-1.0.0-py3.10.egg-info/top_level.txt
[16.844s] -- Installing: /home/snape/rt_2/actions/install/bme_gazebo_sensors/local/lib/python3.10/dist-packages/bme_gazebo_sensors-1.0.0-py3.10.egg-info/SOURCES.txt
[16.847s] -- Installing: /home/snape/rt_2/actions/install/bme_gazebo_sensors/local/lib/python3.10/dist-packages/bme_gazebo_sensors-1.0.0-py3.10.egg-info/PKG-INFO
[16.847s] -- Installing: /home/snape/rt_2/actions/install/bme_gazebo_sensors/local/lib/python3.10/dist-packages/bme_gazebo_sensors-1.0.0-py3.10.egg-info/dependency_links.txt
[16.847s] -- Up-to-date: /home/snape/rt_2/actions/install/bme_gazebo_sensors/local/lib/python3.10/dist-packages/bme_gazebo_sensors
[16.847s] -- Installing: /home/snape/rt_2/actions/install/bme_gazebo_sensors/local/lib/python3.10/dist-packages/bme_gazebo_sensors/bme_gazebo_sensors_s__rosidl_typesupport_c.cpython-310-x86_64-linux-gnu.so
[16.847s] -- Installing: /home/snape/rt_2/actions/install/bme_gazebo_sensors/local/lib/python3.10/dist-packages/bme_gazebo_sensors/bme_gazebo_sensors_s__rosidl_typesupport_introspection_c.cpython-310-x86_64-linux-gnu.so
[16.847s] -- Installing: /home/snape/rt_2/actions/install/bme_gazebo_sensors/local/lib/python3.10/dist-packages/bme_gazebo_sensors/bme_gazebo_sensors_s__rosidl_typesupport_fastrtps_c.cpython-310-x86_64-linux-gnu.so
[16.847s] -- Installing: /home/snape/rt_2/actions/install/bme_gazebo_sensors/local/lib/python3.10/dist-packages/bme_gazebo_sensors/__init__.py
[16.847s] -- Installing: /home/snape/rt_2/actions/install/bme_gazebo_sensors/local/lib/python3.10/dist-packages/bme_gazebo_sensors/_bme_gazebo_sensors_s.ep.rosidl_typesupport_c.c
[16.847s] -- Installing: /home/snape/rt_2/actions/install/bme_gazebo_sensors/local/lib/python3.10/dist-packages/bme_gazebo_sensors/_bme_gazebo_sensors_s.ep.rosidl_typesupport_fastrtps_c.c
[16.847s] -- Up-to-date: /home/snape/rt_2/actions/install/bme_gazebo_sensors/local/lib/python3.10/dist-packages/bme_gazebo_sensors/action
[16.847s] -- Installing: /home/snape/rt_2/actions/install/bme_gazebo_sensors/local/lib/python3.10/dist-packages/bme_gazebo_sensors/action/_move_action_s.c
[16.848s] -- Installing: /home/snape/rt_2/actions/install/bme_gazebo_sensors/local/lib/python3.10/dist-packages/bme_gazebo_sensors/action/__init__.py
[16.848s] -- Installing: /home/snape/rt_2/actions/install/bme_gazebo_sensors/local/lib/python3.10/dist-packages/bme_gazebo_sensors/action/_move_action.py
[16.848s] -- Installing: /home/snape/rt_2/actions/install/bme_gazebo_sensors/local/lib/python3.10/dist-packages/bme_gazebo_sensors/libbme_gazebo_sensors__rosidl_generator_py.so
[16.848s] -- Installing: /home/snape/rt_2/actions/install/bme_gazebo_sensors/local/lib/python3.10/dist-packages/bme_gazebo_sensors/_bme_gazebo_sensors_s.ep.rosidl_typesupport_introspection_c.c
[16.914s] Listing '/home/snape/rt_2/actions/install/bme_gazebo_sensors/local/lib/python3.10/dist-packages/bme_gazebo_sensors'...
[16.914s] Compiling '/home/snape/rt_2/actions/install/bme_gazebo_sensors/local/lib/python3.10/dist-packages/bme_gazebo_sensors/__init__.py'...
[16.914s] Listing '/home/snape/rt_2/actions/install/bme_gazebo_sensors/local/lib/python3.10/dist-packages/bme_gazebo_sensors/action'...
[16.914s] Compiling '/home/snape/rt_2/actions/install/bme_gazebo_sensors/local/lib/python3.10/dist-packages/bme_gazebo_sensors/action/__init__.py'...
[16.914s] Compiling '/home/snape/rt_2/actions/install/bme_gazebo_sensors/local/lib/python3.10/dist-packages/bme_gazebo_sensors/action/_move_action.py'...
[16.922s] -- Installing: /home/snape/rt_2/actions/install/bme_gazebo_sensors/local/lib/python3.10/dist-packages/bme_gazebo_sensors/bme_gazebo_sensors_s__rosidl_typesupport_fastrtps_c.cpython-310-x86_64-linux-gnu.so
[16.922s] -- Set runtime path of "/home/snape/rt_2/actions/install/bme_gazebo_sensors/local/lib/python3.10/dist-packages/bme_gazebo_sensors/bme_gazebo_sensors_s__rosidl_typesupport_fastrtps_c.cpython-310-x86_64-linux-gnu.so" to ""
[16.922s] -- Installing: /home/snape/rt_2/actions/install/bme_gazebo_sensors/local/lib/python3.10/dist-packages/bme_gazebo_sensors/bme_gazebo_sensors_s__rosidl_typesupport_introspection_c.cpython-310-x86_64-linux-gnu.so
[16.923s] -- Set runtime path of "/home/snape/rt_2/actions/install/bme_gazebo_sensors/local/lib/python3.10/dist-packages/bme_gazebo_sensors/bme_gazebo_sensors_s__rosidl_typesupport_introspection_c.cpython-310-x86_64-linux-gnu.so" to ""
[16.923s] -- Installing: /home/snape/rt_2/actions/install/bme_gazebo_sensors/local/lib/python3.10/dist-packages/bme_gazebo_sensors/bme_gazebo_sensors_s__rosidl_typesupport_c.cpython-310-x86_64-linux-gnu.so
[16.926s] -- Set runtime path of "/home/snape/rt_2/actions/install/bme_gazebo_sensors/local/lib/python3.10/dist-packages/bme_gazebo_sensors/bme_gazebo_sensors_s__rosidl_typesupport_c.cpython-310-x86_64-linux-gnu.so" to ""
[16.926s] -- Installing: /home/snape/rt_2/actions/install/bme_gazebo_sensors/lib/libbme_gazebo_sensors__rosidl_generator_py.so
[16.926s] -- Set runtime path of "/home/snape/rt_2/actions/install/bme_gazebo_sensors/lib/libbme_gazebo_sensors__rosidl_generator_py.so" to ""
[16.927s] -- Installing: /home/snape/rt_2/actions/install/bme_gazebo_sensors/share/bme_gazebo_sensors/action/MoveAction.idl
[16.927s] -- Installing: /home/snape/rt_2/actions/install/bme_gazebo_sensors/share/bme_gazebo_sensors/action/MoveAction.action
[16.927s] -- Up-to-date: /home/snape/rt_2/actions/install/bme_gazebo_sensors/share/bme_gazebo_sensors/launch
[16.927s] -- Up-to-date: /home/snape/rt_2/actions/install/bme_gazebo_sensors/share/bme_gazebo_sensors/launch/spawn_robot_ex.launch.py
[16.927s] -- Up-to-date: /home/snape/rt_2/actions/install/bme_gazebo_sensors/share/bme_gazebo_sensors/launch/world.launch.py
[16.927s] -- Up-to-date: /home/snape/rt_2/actions/install/bme_gazebo_sensors/share/bme_gazebo_sensors/launch/spawn_robot.launch.py
[16.927s] -- Up-to-date: /home/snape/rt_2/actions/install/bme_gazebo_sensors/share/bme_gazebo_sensors/worlds
[16.927s] -- Up-to-date: /home/snape/rt_2/actions/install/bme_gazebo_sensors/share/bme_gazebo_sensors/worlds/home.sdf
[16.927s] -- Up-to-date: /home/snape/rt_2/actions/install/bme_gazebo_sensors/share/bme_gazebo_sensors/worlds/my.sdf
[16.927s] -- Up-to-date: /home/snape/rt_2/actions/install/bme_gazebo_sensors/share/bme_gazebo_sensors/worlds/world.sdf
[16.927s] -- Up-to-date: /home/snape/rt_2/actions/install/bme_gazebo_sensors/share/bme_gazebo_sensors/worlds/world_empty.sdf
[16.927s] -- Up-to-date: /home/snape/rt_2/actions/install/bme_gazebo_sensors/share/bme_gazebo_sensors/worlds/my_world.sdf
[16.928s] -- Up-to-date: /home/snape/rt_2/actions/install/bme_gazebo_sensors/share/bme_gazebo_sensors/rviz
[16.928s] -- Up-to-date: /home/snape/rt_2/actions/install/bme_gazebo_sensors/share/bme_gazebo_sensors/rviz/gps.rviz
[16.928s] -- Up-to-date: /home/snape/rt_2/actions/install/bme_gazebo_sensors/share/bme_gazebo_sensors/rviz/urdf.rviz
[16.928s] -- Up-to-date: /home/snape/rt_2/actions/install/bme_gazebo_sensors/share/bme_gazebo_sensors/rviz/rviz.rviz
[16.928s] -- Up-to-date: /home/snape/rt_2/actions/install/bme_gazebo_sensors/share/bme_gazebo_sensors/urdf
[16.928s] -- Up-to-date: /home/snape/rt_2/actions/install/bme_gazebo_sensors/share/bme_gazebo_sensors/urdf/mogi_bot.gazebo
[16.928s] -- Up-to-date: /home/snape/rt_2/actions/install/bme_gazebo_sensors/share/bme_gazebo_sensors/urdf/materials.xacro
[16.928s] -- Up-to-date: /home/snape/rt_2/actions/install/bme_gazebo_sensors/share/bme_gazebo_sensors/urdf/mogi_bot.urdf
[16.928s] -- Up-to-date: /home/snape/rt_2/actions/install/bme_gazebo_sensors/share/bme_gazebo_sensors/meshes
[16.928s] -- Up-to-date: /home/snape/rt_2/actions/install/bme_gazebo_sensors/share/bme_gazebo_sensors/meshes/lidar.dae
[16.928s] -- Up-to-date: /home/snape/rt_2/actions/install/bme_gazebo_sensors/share/bme_gazebo_sensors/meshes/mogi_bot.dae
[16.928s] -- Up-to-date: /home/snape/rt_2/actions/install/bme_gazebo_sensors/share/bme_gazebo_sensors/meshes/wheel.dae
[16.929s] -- Up-to-date: /home/snape/rt_2/actions/install/bme_gazebo_sensors/share/bme_gazebo_sensors/config
[16.929s] -- Up-to-date: /home/snape/rt_2/actions/install/bme_gazebo_sensors/share/bme_gazebo_sensors/config/ekf.yaml
[16.929s] -- Installing: /home/snape/rt_2/actions/install/bme_gazebo_sensors/lib/bme_gazebo_sensors/a_client.py
[16.929s] -- Up-to-date: /home/snape/rt_2/actions/install/bme_gazebo_sensors/lib/bme_gazebo_sensors/a_server.py
[16.929s] -- Up-to-date: /home/snape/rt_2/actions/install/bme_gazebo_sensors/share/ament_index/resource_index/package_run_dependencies/bme_gazebo_sensors
[16.929s] -- Up-to-date: /home/snape/rt_2/actions/install/bme_gazebo_sensors/share/ament_index/resource_index/parent_prefix_path/bme_gazebo_sensors
[16.929s] -- Up-to-date: /home/snape/rt_2/actions/install/bme_gazebo_sensors/share/bme_gazebo_sensors/environment/ament_prefix_path.sh
[16.929s] -- Installing: /home/snape/rt_2/actions/install/bme_gazebo_sensors/share/bme_gazebo_sensors/environment/ament_prefix_path.dsv
[16.929s] -- Up-to-date: /home/snape/rt_2/actions/install/bme_gazebo_sensors/share/bme_gazebo_sensors/environment/path.sh
[16.930s] -- Installing: /home/snape/rt_2/actions/install/bme_gazebo_sensors/share/bme_gazebo_sensors/environment/path.dsv
[16.930s] -- Up-to-date: /home/snape/rt_2/actions/install/bme_gazebo_sensors/share/bme_gazebo_sensors/local_setup.bash
[16.930s] -- Up-to-date: /home/snape/rt_2/actions/install/bme_gazebo_sensors/share/bme_gazebo_sensors/local_setup.sh
[16.930s] -- Up-to-date: /home/snape/rt_2/actions/install/bme_gazebo_sensors/share/bme_gazebo_sensors/local_setup.zsh
[16.930s] -- Installing: /home/snape/rt_2/actions/install/bme_gazebo_sensors/share/bme_gazebo_sensors/local_setup.dsv
[16.930s] -- Installing: /home/snape/rt_2/actions/install/bme_gazebo_sensors/share/bme_gazebo_sensors/package.dsv
[16.930s] -- Up-to-date: /home/snape/rt_2/actions/install/bme_gazebo_sensors/share/ament_index/resource_index/packages/bme_gazebo_sensors
[16.930s] -- Up-to-date: /home/snape/rt_2/actions/install/bme_gazebo_sensors/share/bme_gazebo_sensors/cmake/export_bme_gazebo_sensors__rosidl_generator_cExport.cmake
[16.931s] -- Up-to-date: /home/snape/rt_2/actions/install/bme_gazebo_sensors/share/bme_gazebo_sensors/cmake/export_bme_gazebo_sensors__rosidl_generator_cExport-noconfig.cmake
[16.931s] -- Up-to-date: /home/snape/rt_2/actions/install/bme_gazebo_sensors/share/bme_gazebo_sensors/cmake/export_bme_gazebo_sensors__rosidl_typesupport_fastrtps_cExport.cmake
[16.931s] -- Up-to-date: /home/snape/rt_2/actions/install/bme_gazebo_sensors/share/bme_gazebo_sensors/cmake/export_bme_gazebo_sensors__rosidl_typesupport_fastrtps_cExport-noconfig.cmake
[16.931s] -- Up-to-date: /home/snape/rt_2/actions/install/bme_gazebo_sensors/share/bme_gazebo_sensors/cmake/bme_gazebo_sensors__rosidl_typesupport_introspection_cExport.cmake
[16.931s] -- Up-to-date: /home/snape/rt_2/actions/install/bme_gazebo_sensors/share/bme_gazebo_sensors/cmake/bme_gazebo_sensors__rosidl_typesupport_introspection_cExport-noconfig.cmake
[16.931s] -- Up-to-date: /home/snape/rt_2/actions/install/bme_gazebo_sensors/share/bme_gazebo_sensors/cmake/bme_gazebo_sensors__rosidl_typesupport_cExport.cmake
[16.931s] -- Up-to-date: /home/snape/rt_2/actions/install/bme_gazebo_sensors/share/bme_gazebo_sensors/cmake/bme_gazebo_sensors__rosidl_typesupport_cExport-noconfig.cmake
[16.931s] -- Up-to-date: /home/snape/rt_2/actions/install/bme_gazebo_sensors/share/bme_gazebo_sensors/cmake/export_bme_gazebo_sensors__rosidl_generator_cppExport.cmake
[16.931s] -- Up-to-date: /home/snape/rt_2/actions/install/bme_gazebo_sensors/share/bme_gazebo_sensors/cmake/export_bme_gazebo_sensors__rosidl_typesupport_fastrtps_cppExport.cmake
[16.931s] -- Up-to-date: /home/snape/rt_2/actions/install/bme_gazebo_sensors/share/bme_gazebo_sensors/cmake/export_bme_gazebo_sensors__rosidl_typesupport_fastrtps_cppExport-noconfig.cmake
[16.931s] -- Up-to-date: /home/snape/rt_2/actions/install/bme_gazebo_sensors/share/bme_gazebo_sensors/cmake/bme_gazebo_sensors__rosidl_typesupport_introspection_cppExport.cmake
[16.932s] -- Up-to-date: /home/snape/rt_2/actions/install/bme_gazebo_sensors/share/bme_gazebo_sensors/cmake/bme_gazebo_sensors__rosidl_typesupport_introspection_cppExport-noconfig.cmake
[16.932s] -- Up-to-date: /home/snape/rt_2/actions/install/bme_gazebo_sensors/share/bme_gazebo_sensors/cmake/bme_gazebo_sensors__rosidl_typesupport_cppExport.cmake
[16.932s] -- Up-to-date: /home/snape/rt_2/actions/install/bme_gazebo_sensors/share/bme_gazebo_sensors/cmake/bme_gazebo_sensors__rosidl_typesupport_cppExport-noconfig.cmake
[16.932s] -- Up-to-date: /home/snape/rt_2/actions/install/bme_gazebo_sensors/share/bme_gazebo_sensors/cmake/export_bme_gazebo_sensors__rosidl_generator_pyExport.cmake
[16.932s] -- Up-to-date: /home/snape/rt_2/actions/install/bme_gazebo_sensors/share/bme_gazebo_sensors/cmake/export_bme_gazebo_sensors__rosidl_generator_pyExport-noconfig.cmake
[16.932s] -- Up-to-date: /home/snape/rt_2/actions/install/bme_gazebo_sensors/share/bme_gazebo_sensors/cmake/rosidl_cmake-extras.cmake
[16.932s] -- Up-to-date: /home/snape/rt_2/actions/install/bme_gazebo_sensors/share/bme_gazebo_sensors/cmake/ament_cmake_export_dependencies-extras.cmake
[16.932s] -- Up-to-date: /home/snape/rt_2/actions/install/bme_gazebo_sensors/share/bme_gazebo_sensors/cmake/ament_cmake_export_include_directories-extras.cmake
[16.933s] -- Up-to-date: /home/snape/rt_2/actions/install/bme_gazebo_sensors/share/bme_gazebo_sensors/cmake/ament_cmake_export_libraries-extras.cmake
[16.935s] -- Up-to-date: /home/snape/rt_2/actions/install/bme_gazebo_sensors/share/bme_gazebo_sensors/cmake/ament_cmake_export_targets-extras.cmake
[16.936s] -- Up-to-date: /home/snape/rt_2/actions/install/bme_gazebo_sensors/share/bme_gazebo_sensors/cmake/rosidl_cmake_export_typesupport_targets-extras.cmake
[16.936s] -- Up-to-date: /home/snape/rt_2/actions/install/bme_gazebo_sensors/share/bme_gazebo_sensors/cmake/rosidl_cmake_export_typesupport_libraries-extras.cmake
[16.936s] -- Up-to-date: /home/snape/rt_2/actions/install/bme_gazebo_sensors/share/bme_gazebo_sensors/cmake/bme_gazebo_sensorsConfig.cmake
[16.936s] -- Up-to-date: /home/snape/rt_2/actions/install/bme_gazebo_sensors/share/bme_gazebo_sensors/cmake/bme_gazebo_sensorsConfig-version.cmake
[16.936s] -- Up-to-date: /home/snape/rt_2/actions/install/bme_gazebo_sensors/share/bme_gazebo_sensors/package.xml
[16.942s] Invoked command in '/home/snape/rt_2/actions/build/bme_gazebo_sensors' returned '0': CMAKE_PREFIX_PATH=${CMAKE_PREFIX_PATH}:/opt/ros/humble /usr/bin/cmake --install /home/snape/rt_2/actions/build/bme_gazebo_sensors
